<?xml version="1.0" encoding="UTF-8"?>
<testsuite name="be.kdg.expensetracker.controller.ExpenseRestControllerIntegrationTest" tests="14" skipped="0" failures="0" errors="0" timestamp="2025-05-31T22:21:00" hostname="WIN-8VD49MJ8CQH" time="2.71">
  <properties/>
  <testcase name="getAllExpenses_ShouldReturnListOfExpenses()" classname="be.kdg.expensetracker.controller.ExpenseRestControllerIntegrationTest" time="0.229"/>
  <testcase name="deleteExpense_ByOwner_ShouldSucceed()" classname="be.kdg.expensetracker.controller.ExpenseRestControllerIntegrationTest" time="0.205"/>
  <testcase name="deleteExpense_WithoutAuthentication_ShouldReturn401()" classname="be.kdg.expensetracker.controller.ExpenseRestControllerIntegrationTest" time="0.177"/>
  <testcase name="getExpenseById_NonExistentExpense_ShouldReturn404()" classname="be.kdg.expensetracker.controller.ExpenseRestControllerIntegrationTest" time="0.188"/>
  <testcase name="createExpense_WithoutAuthentication_ShouldReturn401()" classname="be.kdg.expensetracker.controller.ExpenseRestControllerIntegrationTest" time="0.176"/>
  <testcase name="getExpensesByUser_NonExistentUser_ShouldReturnEmptyList()" classname="be.kdg.expensetracker.controller.ExpenseRestControllerIntegrationTest" time="0.184"/>
  <testcase name="deleteExpense_ByNonOwner_ShouldReturn403()" classname="be.kdg.expensetracker.controller.ExpenseRestControllerIntegrationTest" time="0.182"/>
  <testcase name="updateExpense_ByNonOwner_ShouldReturn403()" classname="be.kdg.expensetracker.controller.ExpenseRestControllerIntegrationTest" time="0.23"/>
  <testcase name="updateExpense_ByAdmin_ShouldSucceed()" classname="be.kdg.expensetracker.controller.ExpenseRestControllerIntegrationTest" time="0.19"/>
  <testcase name="updateExpense_ByOwner_ShouldSucceed()" classname="be.kdg.expensetracker.controller.ExpenseRestControllerIntegrationTest" time="0.186"/>
  <testcase name="getExpenseById_ExistingExpense_ShouldReturnExpense()" classname="be.kdg.expensetracker.controller.ExpenseRestControllerIntegrationTest" time="0.186"/>
  <testcase name="createExpense_ValidData_ShouldCreateExpense()" classname="be.kdg.expensetracker.controller.ExpenseRestControllerIntegrationTest" time="0.189"/>
  <testcase name="createExpense_InvalidData_ShouldReturn400()" classname="be.kdg.expensetracker.controller.ExpenseRestControllerIntegrationTest" time="0.189"/>
  <testcase name="getExpensesByUser_ExistingUser_ShouldReturnUserExpenses()" classname="be.kdg.expensetracker.controller.ExpenseRestControllerIntegrationTest" time="0.187"/>
  <system-out><![CDATA[2025-06-01T00:21:00.813+02:00 DEBUG 8036 --- [expensetracker-test] [    Test worker] .b.t.c.SpringBootTestContextBootstrapper : Neither @ContextConfiguration nor @ContextHierarchy found for test class [ExpenseRestControllerIntegrationTest]: using SpringBootContextLoader
2025-06-01T00:21:00.814+02:00 DEBUG 8036 --- [expensetracker-test] [    Test worker] o.s.t.c.support.AbstractContextLoader    : Could not detect default resource locations for test class [be.kdg.expensetracker.controller.ExpenseRestControllerIntegrationTest]: no resource found for suffixes {-context.xml, Context.groovy}.
2025-06-01T00:21:00.814+02:00  INFO 8036 --- [expensetracker-test] [    Test worker] t.c.s.AnnotationConfigContextLoaderUtils : Could not detect default configuration classes for test class [be.kdg.expensetracker.controller.ExpenseRestControllerIntegrationTest]: ExpenseRestControllerIntegrationTest does not declare any static, non-private, non-final, nested classes annotated with @Configuration.
2025-06-01T00:21:00.814+02:00 DEBUG 8036 --- [expensetracker-test] [    Test worker] .b.t.c.SpringBootTestContextBootstrapper : Using ContextCustomizerFactory implementations for test class [ExpenseRestControllerIntegrationTest]: [OverrideAutoConfigurationContextCustomizerFactory, ObservabilityContextCustomizerFactory, TypeExcludeFiltersContextCustomizerFactory, PropertyMappingContextCustomizerFactory, WebDriverContextCustomizerFactory, ImportsContextCustomizerFactory, ExcludeFilterContextCustomizerFactory, HttpGraphQlTesterContextCustomizerFactory, DuplicateJsonObjectContextCustomizerFactory, MockitoContextCustomizerFactory, TestRestTemplateContextCustomizerFactory, WebTestClientContextCustomizerFactory, MockServerContainerContextCustomizerFactory, DynamicPropertiesContextCustomizerFactory]
2025-06-01T00:21:00.816+02:00 DEBUG 8036 --- [expensetracker-test] [    Test worker] .b.t.c.SpringBootTestContextBootstrapper : Using ContextCustomizers for test class [ExpenseRestControllerIntegrationTest]: [DisableObservabilityContextCustomizer, PropertyMappingContextCustomizer, WebDriverContextCustomizer, ImportsContextCustomizer, ExcludeFilterContextCustomizer, DuplicateJsonObjectContextCustomizer, MockitoContextCustomizer, TestRestTemplateContextCustomizer]
2025-06-01T00:21:00.816+02:00  INFO 8036 --- [expensetracker-test] [    Test worker] .b.t.c.SpringBootTestContextBootstrapper : Found @SpringBootConfiguration be.kdg.expensetracker.ExpenseTrackerApplication for test class be.kdg.expensetracker.controller.ExpenseRestControllerIntegrationTest
2025-06-01T00:21:00.816+02:00 DEBUG 8036 --- [expensetracker-test] [    Test worker] .s.t.c.u.TestContextSpringFactoriesUtils : Skipping candidate TestExecutionListener [org.springframework.test.context.observation.MicrometerObservationRegistryTestExecutionListener] due to a missing dependency. Specify custom TestExecutionListener classes or make the default TestExecutionListener classes and their required dependencies available. Offending class: io.micrometer.context.ThreadLocalAccessor. MicrometerObservationRegistryTestExecutionListener requires io.micrometer:micrometer-observation:1.10.8 or higher and io.micrometer:context-propagation:1.0.3 or higher.
2025-06-01T00:21:00.817+02:00 DEBUG 8036 --- [expensetracker-test] [    Test worker] .b.t.c.SpringBootTestContextBootstrapper : Using TestExecutionListeners for test class [ExpenseRestControllerIntegrationTest]: [ServletTestExecutionListener, DirtiesContextBeforeModesTestExecutionListener, ApplicationEventsTestExecutionListener, MockitoTestExecutionListener, DependencyInjectionTestExecutionListener, DirtiesContextTestExecutionListener, TransactionalTestExecutionListener, SqlScriptsTestExecutionListener, WithSecurityContextTestExecutionListener, EventPublishingTestExecutionListener, ReactorContextTestExecutionListener, RestDocsTestExecutionListener, MockRestServiceServerResetTestExecutionListener, MockMvcPrintOnlyOnFailureTestExecutionListener, WebDriverTestExecutionListener, MockWebServiceServerTestExecutionListener, ResetMocksTestExecutionListener]
2025-06-01T00:21:00.817+02:00 DEBUG 8036 --- [expensetracker-test] [    Test worker] sContextBeforeModesTestExecutionListener : Before test class: class [ExpenseRestControllerIntegrationTest], class annotated with @DirtiesContext [false] with mode [null]
2025-06-01T00:21:00.817+02:00 DEBUG 8036 --- [expensetracker-test] [    Test worker] org.springframework.test.context.cache   : Spring test ApplicationContext cache statistics: [DefaultContextCache@2e2b1310 size = 2, maxSize = 32, parentContextCount = 0, hitCount = 210, missCount = 2, failureCount = 0]
2025-06-01T00:21:00.817+02:00 DEBUG 8036 --- [expensetracker-test] [    Test worker] org.springframework.test.context.cache   : Spring test ApplicationContext cache statistics: [DefaultContextCache@2e2b1310 size = 2, maxSize = 32, parentContextCount = 0, hitCount = 211, missCount = 2, failureCount = 0]
2025-06-01T00:21:00.817+02:00 DEBUG 8036 --- [expensetracker-test] [    Test worker] o.s.t.c.w.ServletTestExecutionListener   : Setting up MockHttpServletRequest, MockHttpServletResponse, ServletWebRequest, and RequestContextHolder for test class be.kdg.expensetracker.controller.ExpenseRestControllerIntegrationTest
2025-06-01T00:21:00.817+02:00 DEBUG 8036 --- [expensetracker-test] [    Test worker] DependencyInjectionTestExecutionListener : Performing dependency injection for test class be.kdg.expensetracker.controller.ExpenseRestControllerIntegrationTest
2025-06-01T00:21:00.817+02:00 DEBUG 8036 --- [expensetracker-test] [    Test worker] org.springframework.test.context.cache   : Spring test ApplicationContext cache statistics: [DefaultContextCache@2e2b1310 size = 2, maxSize = 32, parentContextCount = 0, hitCount = 212, missCount = 2, failureCount = 0]
2025-06-01T00:21:00.818+02:00 DEBUG 8036 --- [expensetracker-test] [    Test worker] org.springframework.test.context.cache   : Spring test ApplicationContext cache statistics: [DefaultContextCache@2e2b1310 size = 2, maxSize = 32, parentContextCount = 0, hitCount = 213, missCount = 2, failureCount = 0]
2025-06-01T00:21:00.820+02:00 DEBUG 8036 --- [expensetracker-test] [    Test worker] sContextBeforeModesTestExecutionListener : Before test method: class [ExpenseRestControllerIntegrationTest], method [getAllExpenses_ShouldReturnListOfExpenses], class annotated with @DirtiesContext [false] with mode [null], method annotated with @DirtiesContext [false] with mode [null]
2025-06-01T00:21:00.820+02:00 DEBUG 8036 --- [expensetracker-test] [    Test worker] t.c.t.TransactionalTestExecutionListener : Explicit transaction definition [PROPAGATION_REQUIRED,ISOLATION_DEFAULT] found for test class [be.kdg.expensetracker.controller.ExpenseRestControllerIntegrationTest] and test method [getAllExpenses_ShouldReturnListOfExpenses]
2025-06-01T00:21:00.820+02:00 DEBUG 8036 --- [expensetracker-test] [    Test worker] org.springframework.test.context.cache   : Spring test ApplicationContext cache statistics: [DefaultContextCache@2e2b1310 size = 2, maxSize = 32, parentContextCount = 0, hitCount = 214, missCount = 2, failureCount = 0]
2025-06-01T00:21:00.820+02:00 DEBUG 8036 --- [expensetracker-test] [    Test worker] t.c.t.TransactionalTestExecutionListener : No method-level @Rollback override: using default rollback [true] for test method [void be.kdg.expensetracker.controller.ExpenseRestControllerIntegrationTest.getAllExpenses_ShouldReturnListOfExpenses() throws java.lang.Exception]
2025-06-01T00:21:00.820+02:00 DEBUG 8036 --- [expensetracker-test] [    Test worker] o.s.t.c.transaction.TransactionContext   : Began transaction (1) for test class [be.kdg.expensetracker.controller.ExpenseRestControllerIntegrationTest]; test method [getAllExpenses_ShouldReturnListOfExpenses]; transaction manager [org.springframework.orm.jpa.JpaTransactionManager@3918a9f9]; rollback [true]
2025-06-01T00:21:00.820+02:00 DEBUG 8036 --- [expensetracker-test] [    Test worker] org.springframework.test.context.cache   : Spring test ApplicationContext cache statistics: [DefaultContextCache@2e2b1310 size = 2, maxSize = 32, parentContextCount = 0, hitCount = 215, missCount = 2, failureCount = 0]
2025-06-01T00:21:00.821+02:00 DEBUG 8036 --- [expensetracker-test] [    Test worker] org.springframework.test.context.cache   : Spring test ApplicationContext cache statistics: [DefaultContextCache@2e2b1310 size = 2, maxSize = 32, parentContextCount = 0, hitCount = 216, missCount = 2, failureCount = 0]
2025-06-01T00:21:00.997+02:00 DEBUG 8036 --- [expensetracker-test] [    Test worker] org.springframework.test.context.cache   : Spring test ApplicationContext cache statistics: [DefaultContextCache@2e2b1310 size = 2, maxSize = 32, parentContextCount = 0, hitCount = 217, missCount = 2, failureCount = 0]
2025-06-01T00:21:00.998+02:00 DEBUG 8036 --- [expensetracker-test] [    Test worker] o.s.t.web.servlet.TestDispatcherServlet  : GET "/api/expenses", parameters={}
2025-06-01T00:21:01.018+02:00 DEBUG 8036 --- [expensetracker-test] [    Test worker] o.s.t.web.servlet.TestDispatcherServlet  : Completed 200 OK
2025-06-01T00:21:01.046+02:00 DEBUG 8036 --- [expensetracker-test] [    Test worker] org.springframework.test.context.cache   : Spring test ApplicationContext cache statistics: [DefaultContextCache@2e2b1310 size = 2, maxSize = 32, parentContextCount = 0, hitCount = 218, missCount = 2, failureCount = 0]
2025-06-01T00:21:01.046+02:00 DEBUG 8036 --- [expensetracker-test] [    Test worker] org.springframework.test.context.cache   : Spring test ApplicationContext cache statistics: [DefaultContextCache@2e2b1310 size = 2, maxSize = 32, parentContextCount = 0, hitCount = 219, missCount = 2, failureCount = 0]
2025-06-01T00:21:01.046+02:00 DEBUG 8036 --- [expensetracker-test] [    Test worker] org.springframework.test.context.cache   : Spring test ApplicationContext cache statistics: [DefaultContextCache@2e2b1310 size = 2, maxSize = 32, parentContextCount = 0, hitCount = 220, missCount = 2, failureCount = 0]
2025-06-01T00:21:01.046+02:00 DEBUG 8036 --- [expensetracker-test] [    Test worker] org.springframework.test.context.cache   : Spring test ApplicationContext cache statistics: [DefaultContextCache@2e2b1310 size = 2, maxSize = 32, parentContextCount = 0, hitCount = 221, missCount = 2, failureCount = 0]
2025-06-01T00:21:01.046+02:00 DEBUG 8036 --- [expensetracker-test] [    Test worker] org.springframework.test.context.cache   : Spring test ApplicationContext cache statistics: [DefaultContextCache@2e2b1310 size = 2, maxSize = 32, parentContextCount = 0, hitCount = 222, missCount = 2, failureCount = 0]
2025-06-01T00:21:01.047+02:00 DEBUG 8036 --- [expensetracker-test] [    Test worker] org.springframework.test.context.cache   : Spring test ApplicationContext cache statistics: [DefaultContextCache@2e2b1310 size = 2, maxSize = 32, parentContextCount = 0, hitCount = 223, missCount = 2, failureCount = 0]
2025-06-01T00:21:01.047+02:00 DEBUG 8036 --- [expensetracker-test] [    Test worker] org.springframework.test.context.cache   : Spring test ApplicationContext cache statistics: [DefaultContextCache@2e2b1310 size = 2, maxSize = 32, parentContextCount = 0, hitCount = 224, missCount = 2, failureCount = 0]
2025-06-01T00:21:01.047+02:00 DEBUG 8036 --- [expensetracker-test] [    Test worker] o.s.t.c.transaction.TransactionContext   : Rolled back transaction (1) for test class [be.kdg.expensetracker.controller.ExpenseRestControllerIntegrationTest]; test method [getAllExpenses_ShouldReturnListOfExpenses]
2025-06-01T00:21:01.047+02:00 DEBUG 8036 --- [expensetracker-test] [    Test worker] .c.s.DirtiesContextTestExecutionListener : After test method: class [ExpenseRestControllerIntegrationTest], method [getAllExpenses_ShouldReturnListOfExpenses], class annotated with @DirtiesContext [false] with mode [null], method annotated with @DirtiesContext [false] with mode [null]
2025-06-01T00:21:01.047+02:00 DEBUG 8036 --- [expensetracker-test] [    Test worker] o.s.t.c.w.ServletTestExecutionListener   : Resetting RequestContextHolder for test class be.kdg.expensetracker.controller.ExpenseRestControllerIntegrationTest
2025-06-01T00:21:01.048+02:00 DEBUG 8036 --- [expensetracker-test] [    Test worker] org.springframework.test.context.cache   : Spring test ApplicationContext cache statistics: [DefaultContextCache@2e2b1310 size = 2, maxSize = 32, parentContextCount = 0, hitCount = 225, missCount = 2, failureCount = 0]
2025-06-01T00:21:01.048+02:00 DEBUG 8036 --- [expensetracker-test] [    Test worker] o.s.t.c.w.ServletTestExecutionListener   : Setting up MockHttpServletRequest, MockHttpServletResponse, ServletWebRequest, and RequestContextHolder for test class be.kdg.expensetracker.controller.ExpenseRestControllerIntegrationTest
2025-06-01T00:21:01.048+02:00 DEBUG 8036 --- [expensetracker-test] [    Test worker] DependencyInjectionTestExecutionListener : Performing dependency injection for test class be.kdg.expensetracker.controller.ExpenseRestControllerIntegrationTest
2025-06-01T00:21:01.048+02:00 DEBUG 8036 --- [expensetracker-test] [    Test worker] org.springframework.test.context.cache   : Spring test ApplicationContext cache statistics: [DefaultContextCache@2e2b1310 size = 2, maxSize = 32, parentContextCount = 0, hitCount = 226, missCount = 2, failureCount = 0]
2025-06-01T00:21:01.048+02:00 DEBUG 8036 --- [expensetracker-test] [    Test worker] org.springframework.test.context.cache   : Spring test ApplicationContext cache statistics: [DefaultContextCache@2e2b1310 size = 2, maxSize = 32, parentContextCount = 0, hitCount = 227, missCount = 2, failureCount = 0]
2025-06-01T00:21:01.049+02:00 DEBUG 8036 --- [expensetracker-test] [    Test worker] sContextBeforeModesTestExecutionListener : Before test method: class [ExpenseRestControllerIntegrationTest], method [deleteExpense_ByOwner_ShouldSucceed], class annotated with @DirtiesContext [false] with mode [null], method annotated with @DirtiesContext [false] with mode [null]
2025-06-01T00:21:01.049+02:00 DEBUG 8036 --- [expensetracker-test] [    Test worker] t.c.t.TransactionalTestExecutionListener : Explicit transaction definition [PROPAGATION_REQUIRED,ISOLATION_DEFAULT] found for test class [be.kdg.expensetracker.controller.ExpenseRestControllerIntegrationTest] and test method [deleteExpense_ByOwner_ShouldSucceed]
2025-06-01T00:21:01.049+02:00 DEBUG 8036 --- [expensetracker-test] [    Test worker] org.springframework.test.context.cache   : Spring test ApplicationContext cache statistics: [DefaultContextCache@2e2b1310 size = 2, maxSize = 32, parentContextCount = 0, hitCount = 228, missCount = 2, failureCount = 0]
2025-06-01T00:21:01.049+02:00 DEBUG 8036 --- [expensetracker-test] [    Test worker] t.c.t.TransactionalTestExecutionListener : No method-level @Rollback override: using default rollback [true] for test method [void be.kdg.expensetracker.controller.ExpenseRestControllerIntegrationTest.deleteExpense_ByOwner_ShouldSucceed() throws java.lang.Exception]
2025-06-01T00:21:01.049+02:00 DEBUG 8036 --- [expensetracker-test] [    Test worker] o.s.t.c.transaction.TransactionContext   : Began transaction (1) for test class [be.kdg.expensetracker.controller.ExpenseRestControllerIntegrationTest]; test method [deleteExpense_ByOwner_ShouldSucceed]; transaction manager [org.springframework.orm.jpa.JpaTransactionManager@3918a9f9]; rollback [true]
2025-06-01T00:21:01.049+02:00 DEBUG 8036 --- [expensetracker-test] [    Test worker] org.springframework.test.context.cache   : Spring test ApplicationContext cache statistics: [DefaultContextCache@2e2b1310 size = 2, maxSize = 32, parentContextCount = 0, hitCount = 229, missCount = 2, failureCount = 0]
2025-06-01T00:21:01.050+02:00 DEBUG 8036 --- [expensetracker-test] [    Test worker] org.springframework.test.context.cache   : Spring test ApplicationContext cache statistics: [DefaultContextCache@2e2b1310 size = 2, maxSize = 32, parentContextCount = 0, hitCount = 230, missCount = 2, failureCount = 0]
2025-06-01T00:21:01.050+02:00 DEBUG 8036 --- [expensetracker-test] [    Test worker] org.springframework.test.context.cache   : Spring test ApplicationContext cache statistics: [DefaultContextCache@2e2b1310 size = 2, maxSize = 32, parentContextCount = 0, hitCount = 231, missCount = 2, failureCount = 0]
2025-06-01T00:21:01.050+02:00 DEBUG 8036 --- [expensetracker-test] [    Test worker] org.springframework.test.context.cache   : Spring test ApplicationContext cache statistics: [DefaultContextCache@2e2b1310 size = 2, maxSize = 32, parentContextCount = 0, hitCount = 232, missCount = 2, failureCount = 0]
2025-06-01T00:21:01.222+02:00 DEBUG 8036 --- [expensetracker-test] [    Test worker] org.springframework.test.context.cache   : Spring test ApplicationContext cache statistics: [DefaultContextCache@2e2b1310 size = 2, maxSize = 32, parentContextCount = 0, hitCount = 233, missCount = 2, failureCount = 0]
2025-06-01T00:21:01.223+02:00 DEBUG 8036 --- [expensetracker-test] [    Test worker] o.s.test.util.ReflectionTestUtils        : Invoking method 'getFilters' on target object [FilterChainProxy[Filter Chains: null]] or target class [null] with arguments {org.springframework.mock.web.MockHttpServletRequest@2d21fa63}
2025-06-01T00:21:01.224+02:00 DEBUG 8036 --- [expensetracker-test] [    Test worker] o.s.test.util.ReflectionTestUtils        : Invoking method 'getFilters' on target object [FilterChainProxy[Filter Chains: null]] or target class [null] with arguments {org.springframework.mock.web.MockHttpServletRequest@2d21fa63}
2025-06-01T00:21:01.224+02:00 DEBUG 8036 --- [expensetracker-test] [    Test worker] o.s.test.util.ReflectionTestUtils        : Getting field 'securityContextRepository' from target object [org.springframework.security.web.context.SecurityContextHolderFilter@4d6c42e] or target class [class org.springframework.security.web.context.SecurityContextHolderFilter]
2025-06-01T00:21:01.224+02:00 DEBUG 8036 --- [expensetracker-test] [    Test worker] o.s.test.util.ReflectionTestUtils        : Invoking method 'getFilters' on target object [FilterChainProxy[Filter Chains: null]] or target class [null] with arguments {org.springframework.mock.web.MockHttpServletRequest@2d21fa63}
2025-06-01T00:21:01.224+02:00 DEBUG 8036 --- [expensetracker-test] [    Test worker] o.s.test.util.ReflectionTestUtils        : Getting field 'tokenRepository' from target object [org.springframework.security.web.csrf.CsrfFilter@6325ef80] or target class [class org.springframework.security.web.csrf.CsrfFilter]
2025-06-01T00:21:01.224+02:00 DEBUG 8036 --- [expensetracker-test] [    Test worker] o.s.test.util.ReflectionTestUtils        : Invoking method 'getFilters' on target object [FilterChainProxy[Filter Chains: null]] or target class [null] with arguments {org.springframework.mock.web.MockHttpServletRequest@2d21fa63}
2025-06-01T00:21:01.224+02:00 DEBUG 8036 --- [expensetracker-test] [    Test worker] o.s.test.util.ReflectionTestUtils        : Getting field 'requestHandler' from target object [org.springframework.security.web.csrf.CsrfFilter@6325ef80] or target class [class org.springframework.security.web.csrf.CsrfFilter]
2025-06-01T00:21:01.224+02:00 DEBUG 8036 --- [expensetracker-test] [    Test worker] o.s.t.web.servlet.TestDispatcherServlet  : DELETE "/api/expenses/46", parameters={masked}
2025-06-01T00:21:01.240+02:00 DEBUG 8036 --- [expensetracker-test] [    Test worker] o.s.t.web.servlet.TestDispatcherServlet  : Completed 204 NO_CONTENT
2025-06-01T00:21:01.251+02:00 DEBUG 8036 --- [expensetracker-test] [    Test worker] org.springframework.test.context.cache   : Spring test ApplicationContext cache statistics: [DefaultContextCache@2e2b1310 size = 2, maxSize = 32, parentContextCount = 0, hitCount = 234, missCount = 2, failureCount = 0]
2025-06-01T00:21:01.252+02:00 DEBUG 8036 --- [expensetracker-test] [    Test worker] org.springframework.test.context.cache   : Spring test ApplicationContext cache statistics: [DefaultContextCache@2e2b1310 size = 2, maxSize = 32, parentContextCount = 0, hitCount = 235, missCount = 2, failureCount = 0]
2025-06-01T00:21:01.252+02:00 DEBUG 8036 --- [expensetracker-test] [    Test worker] org.springframework.test.context.cache   : Spring test ApplicationContext cache statistics: [DefaultContextCache@2e2b1310 size = 2, maxSize = 32, parentContextCount = 0, hitCount = 236, missCount = 2, failureCount = 0]
2025-06-01T00:21:01.252+02:00 DEBUG 8036 --- [expensetracker-test] [    Test worker] org.springframework.test.context.cache   : Spring test ApplicationContext cache statistics: [DefaultContextCache@2e2b1310 size = 2, maxSize = 32, parentContextCount = 0, hitCount = 237, missCount = 2, failureCount = 0]
2025-06-01T00:21:01.252+02:00 DEBUG 8036 --- [expensetracker-test] [    Test worker] org.springframework.test.context.cache   : Spring test ApplicationContext cache statistics: [DefaultContextCache@2e2b1310 size = 2, maxSize = 32, parentContextCount = 0, hitCount = 238, missCount = 2, failureCount = 0]
2025-06-01T00:21:01.252+02:00 DEBUG 8036 --- [expensetracker-test] [    Test worker] org.springframework.test.context.cache   : Spring test ApplicationContext cache statistics: [DefaultContextCache@2e2b1310 size = 2, maxSize = 32, parentContextCount = 0, hitCount = 239, missCount = 2, failureCount = 0]
2025-06-01T00:21:01.252+02:00 DEBUG 8036 --- [expensetracker-test] [    Test worker] org.springframework.test.context.cache   : Spring test ApplicationContext cache statistics: [DefaultContextCache@2e2b1310 size = 2, maxSize = 32, parentContextCount = 0, hitCount = 240, missCount = 2, failureCount = 0]
2025-06-01T00:21:01.253+02:00 DEBUG 8036 --- [expensetracker-test] [    Test worker] o.s.t.c.transaction.TransactionContext   : Rolled back transaction (1) for test class [be.kdg.expensetracker.controller.ExpenseRestControllerIntegrationTest]; test method [deleteExpense_ByOwner_ShouldSucceed]
2025-06-01T00:21:01.253+02:00 DEBUG 8036 --- [expensetracker-test] [    Test worker] .c.s.DirtiesContextTestExecutionListener : After test method: class [ExpenseRestControllerIntegrationTest], method [deleteExpense_ByOwner_ShouldSucceed], class annotated with @DirtiesContext [false] with mode [null], method annotated with @DirtiesContext [false] with mode [null]
2025-06-01T00:21:01.253+02:00 DEBUG 8036 --- [expensetracker-test] [    Test worker] o.s.t.c.w.ServletTestExecutionListener   : Resetting RequestContextHolder for test class be.kdg.expensetracker.controller.ExpenseRestControllerIntegrationTest
2025-06-01T00:21:01.253+02:00 DEBUG 8036 --- [expensetracker-test] [    Test worker] org.springframework.test.context.cache   : Spring test ApplicationContext cache statistics: [DefaultContextCache@2e2b1310 size = 2, maxSize = 32, parentContextCount = 0, hitCount = 241, missCount = 2, failureCount = 0]
2025-06-01T00:21:01.253+02:00 DEBUG 8036 --- [expensetracker-test] [    Test worker] o.s.t.c.w.ServletTestExecutionListener   : Setting up MockHttpServletRequest, MockHttpServletResponse, ServletWebRequest, and RequestContextHolder for test class be.kdg.expensetracker.controller.ExpenseRestControllerIntegrationTest
2025-06-01T00:21:01.253+02:00 DEBUG 8036 --- [expensetracker-test] [    Test worker] DependencyInjectionTestExecutionListener : Performing dependency injection for test class be.kdg.expensetracker.controller.ExpenseRestControllerIntegrationTest
2025-06-01T00:21:01.253+02:00 DEBUG 8036 --- [expensetracker-test] [    Test worker] org.springframework.test.context.cache   : Spring test ApplicationContext cache statistics: [DefaultContextCache@2e2b1310 size = 2, maxSize = 32, parentContextCount = 0, hitCount = 242, missCount = 2, failureCount = 0]
2025-06-01T00:21:01.255+02:00 DEBUG 8036 --- [expensetracker-test] [    Test worker] org.springframework.test.context.cache   : Spring test ApplicationContext cache statistics: [DefaultContextCache@2e2b1310 size = 2, maxSize = 32, parentContextCount = 0, hitCount = 243, missCount = 2, failureCount = 0]
2025-06-01T00:21:01.255+02:00 DEBUG 8036 --- [expensetracker-test] [    Test worker] sContextBeforeModesTestExecutionListener : Before test method: class [ExpenseRestControllerIntegrationTest], method [deleteExpense_WithoutAuthentication_ShouldReturn401], class annotated with @DirtiesContext [false] with mode [null], method annotated with @DirtiesContext [false] with mode [null]
2025-06-01T00:21:01.255+02:00 DEBUG 8036 --- [expensetracker-test] [    Test worker] t.c.t.TransactionalTestExecutionListener : Explicit transaction definition [PROPAGATION_REQUIRED,ISOLATION_DEFAULT] found for test class [be.kdg.expensetracker.controller.ExpenseRestControllerIntegrationTest] and test method [deleteExpense_WithoutAuthentication_ShouldReturn401]
2025-06-01T00:21:01.255+02:00 DEBUG 8036 --- [expensetracker-test] [    Test worker] org.springframework.test.context.cache   : Spring test ApplicationContext cache statistics: [DefaultContextCache@2e2b1310 size = 2, maxSize = 32, parentContextCount = 0, hitCount = 244, missCount = 2, failureCount = 0]
2025-06-01T00:21:01.255+02:00 DEBUG 8036 --- [expensetracker-test] [    Test worker] t.c.t.TransactionalTestExecutionListener : No method-level @Rollback override: using default rollback [true] for test method [void be.kdg.expensetracker.controller.ExpenseRestControllerIntegrationTest.deleteExpense_WithoutAuthentication_ShouldReturn401() throws java.lang.Exception]
2025-06-01T00:21:01.255+02:00 DEBUG 8036 --- [expensetracker-test] [    Test worker] o.s.t.c.transaction.TransactionContext   : Began transaction (1) for test class [be.kdg.expensetracker.controller.ExpenseRestControllerIntegrationTest]; test method [deleteExpense_WithoutAuthentication_ShouldReturn401]; transaction manager [org.springframework.orm.jpa.JpaTransactionManager@3918a9f9]; rollback [true]
2025-06-01T00:21:01.255+02:00 DEBUG 8036 --- [expensetracker-test] [    Test worker] org.springframework.test.context.cache   : Spring test ApplicationContext cache statistics: [DefaultContextCache@2e2b1310 size = 2, maxSize = 32, parentContextCount = 0, hitCount = 245, missCount = 2, failureCount = 0]
2025-06-01T00:21:01.255+02:00 DEBUG 8036 --- [expensetracker-test] [    Test worker] org.springframework.test.context.cache   : Spring test ApplicationContext cache statistics: [DefaultContextCache@2e2b1310 size = 2, maxSize = 32, parentContextCount = 0, hitCount = 246, missCount = 2, failureCount = 0]
2025-06-01T00:21:01.429+02:00 DEBUG 8036 --- [expensetracker-test] [    Test worker] org.springframework.test.context.cache   : Spring test ApplicationContext cache statistics: [DefaultContextCache@2e2b1310 size = 2, maxSize = 32, parentContextCount = 0, hitCount = 247, missCount = 2, failureCount = 0]
2025-06-01T00:21:01.430+02:00 DEBUG 8036 --- [expensetracker-test] [    Test worker] org.springframework.test.context.cache   : Spring test ApplicationContext cache statistics: [DefaultContextCache@2e2b1310 size = 2, maxSize = 32, parentContextCount = 0, hitCount = 248, missCount = 2, failureCount = 0]
2025-06-01T00:21:01.430+02:00 DEBUG 8036 --- [expensetracker-test] [    Test worker] org.springframework.test.context.cache   : Spring test ApplicationContext cache statistics: [DefaultContextCache@2e2b1310 size = 2, maxSize = 32, parentContextCount = 0, hitCount = 249, missCount = 2, failureCount = 0]
2025-06-01T00:21:01.431+02:00 DEBUG 8036 --- [expensetracker-test] [    Test worker] org.springframework.test.context.cache   : Spring test ApplicationContext cache statistics: [DefaultContextCache@2e2b1310 size = 2, maxSize = 32, parentContextCount = 0, hitCount = 250, missCount = 2, failureCount = 0]
2025-06-01T00:21:01.431+02:00 DEBUG 8036 --- [expensetracker-test] [    Test worker] org.springframework.test.context.cache   : Spring test ApplicationContext cache statistics: [DefaultContextCache@2e2b1310 size = 2, maxSize = 32, parentContextCount = 0, hitCount = 251, missCount = 2, failureCount = 0]
2025-06-01T00:21:01.431+02:00 DEBUG 8036 --- [expensetracker-test] [    Test worker] org.springframework.test.context.cache   : Spring test ApplicationContext cache statistics: [DefaultContextCache@2e2b1310 size = 2, maxSize = 32, parentContextCount = 0, hitCount = 252, missCount = 2, failureCount = 0]
2025-06-01T00:21:01.431+02:00 DEBUG 8036 --- [expensetracker-test] [    Test worker] org.springframework.test.context.cache   : Spring test ApplicationContext cache statistics: [DefaultContextCache@2e2b1310 size = 2, maxSize = 32, parentContextCount = 0, hitCount = 253, missCount = 2, failureCount = 0]
2025-06-01T00:21:01.431+02:00 DEBUG 8036 --- [expensetracker-test] [    Test worker] org.springframework.test.context.cache   : Spring test ApplicationContext cache statistics: [DefaultContextCache@2e2b1310 size = 2, maxSize = 32, parentContextCount = 0, hitCount = 254, missCount = 2, failureCount = 0]
2025-06-01T00:21:01.431+02:00 DEBUG 8036 --- [expensetracker-test] [    Test worker] o.s.t.c.transaction.TransactionContext   : Rolled back transaction (1) for test class [be.kdg.expensetracker.controller.ExpenseRestControllerIntegrationTest]; test method [deleteExpense_WithoutAuthentication_ShouldReturn401]
2025-06-01T00:21:01.431+02:00 DEBUG 8036 --- [expensetracker-test] [    Test worker] .c.s.DirtiesContextTestExecutionListener : After test method: class [ExpenseRestControllerIntegrationTest], method [deleteExpense_WithoutAuthentication_ShouldReturn401], class annotated with @DirtiesContext [false] with mode [null], method annotated with @DirtiesContext [false] with mode [null]
2025-06-01T00:21:01.431+02:00 DEBUG 8036 --- [expensetracker-test] [    Test worker] o.s.t.c.w.ServletTestExecutionListener   : Resetting RequestContextHolder for test class be.kdg.expensetracker.controller.ExpenseRestControllerIntegrationTest
2025-06-01T00:21:01.432+02:00 DEBUG 8036 --- [expensetracker-test] [    Test worker] org.springframework.test.context.cache   : Spring test ApplicationContext cache statistics: [DefaultContextCache@2e2b1310 size = 2, maxSize = 32, parentContextCount = 0, hitCount = 255, missCount = 2, failureCount = 0]
2025-06-01T00:21:01.432+02:00 DEBUG 8036 --- [expensetracker-test] [    Test worker] o.s.t.c.w.ServletTestExecutionListener   : Setting up MockHttpServletRequest, MockHttpServletResponse, ServletWebRequest, and RequestContextHolder for test class be.kdg.expensetracker.controller.ExpenseRestControllerIntegrationTest
2025-06-01T00:21:01.432+02:00 DEBUG 8036 --- [expensetracker-test] [    Test worker] DependencyInjectionTestExecutionListener : Performing dependency injection for test class be.kdg.expensetracker.controller.ExpenseRestControllerIntegrationTest
2025-06-01T00:21:01.432+02:00 DEBUG 8036 --- [expensetracker-test] [    Test worker] org.springframework.test.context.cache   : Spring test ApplicationContext cache statistics: [DefaultContextCache@2e2b1310 size = 2, maxSize = 32, parentContextCount = 0, hitCount = 256, missCount = 2, failureCount = 0]
2025-06-01T00:21:01.432+02:00 DEBUG 8036 --- [expensetracker-test] [    Test worker] org.springframework.test.context.cache   : Spring test ApplicationContext cache statistics: [DefaultContextCache@2e2b1310 size = 2, maxSize = 32, parentContextCount = 0, hitCount = 257, missCount = 2, failureCount = 0]
2025-06-01T00:21:01.433+02:00 DEBUG 8036 --- [expensetracker-test] [    Test worker] sContextBeforeModesTestExecutionListener : Before test method: class [ExpenseRestControllerIntegrationTest], method [getExpenseById_NonExistentExpense_ShouldReturn404], class annotated with @DirtiesContext [false] with mode [null], method annotated with @DirtiesContext [false] with mode [null]
2025-06-01T00:21:01.433+02:00 DEBUG 8036 --- [expensetracker-test] [    Test worker] t.c.t.TransactionalTestExecutionListener : Explicit transaction definition [PROPAGATION_REQUIRED,ISOLATION_DEFAULT] found for test class [be.kdg.expensetracker.controller.ExpenseRestControllerIntegrationTest] and test method [getExpenseById_NonExistentExpense_ShouldReturn404]
2025-06-01T00:21:01.433+02:00 DEBUG 8036 --- [expensetracker-test] [    Test worker] org.springframework.test.context.cache   : Spring test ApplicationContext cache statistics: [DefaultContextCache@2e2b1310 size = 2, maxSize = 32, parentContextCount = 0, hitCount = 258, missCount = 2, failureCount = 0]
2025-06-01T00:21:01.433+02:00 DEBUG 8036 --- [expensetracker-test] [    Test worker] t.c.t.TransactionalTestExecutionListener : No method-level @Rollback override: using default rollback [true] for test method [void be.kdg.expensetracker.controller.ExpenseRestControllerIntegrationTest.getExpenseById_NonExistentExpense_ShouldReturn404() throws java.lang.Exception]
2025-06-01T00:21:01.433+02:00 DEBUG 8036 --- [expensetracker-test] [    Test worker] o.s.t.c.transaction.TransactionContext   : Began transaction (1) for test class [be.kdg.expensetracker.controller.ExpenseRestControllerIntegrationTest]; test method [getExpenseById_NonExistentExpense_ShouldReturn404]; transaction manager [org.springframework.orm.jpa.JpaTransactionManager@3918a9f9]; rollback [true]
2025-06-01T00:21:01.433+02:00 DEBUG 8036 --- [expensetracker-test] [    Test worker] org.springframework.test.context.cache   : Spring test ApplicationContext cache statistics: [DefaultContextCache@2e2b1310 size = 2, maxSize = 32, parentContextCount = 0, hitCount = 259, missCount = 2, failureCount = 0]
2025-06-01T00:21:01.433+02:00 DEBUG 8036 --- [expensetracker-test] [    Test worker] org.springframework.test.context.cache   : Spring test ApplicationContext cache statistics: [DefaultContextCache@2e2b1310 size = 2, maxSize = 32, parentContextCount = 0, hitCount = 260, missCount = 2, failureCount = 0]
2025-06-01T00:21:01.615+02:00 DEBUG 8036 --- [expensetracker-test] [    Test worker] org.springframework.test.context.cache   : Spring test ApplicationContext cache statistics: [DefaultContextCache@2e2b1310 size = 2, maxSize = 32, parentContextCount = 0, hitCount = 261, missCount = 2, failureCount = 0]
2025-06-01T00:21:01.616+02:00 DEBUG 8036 --- [expensetracker-test] [    Test worker] o.s.t.web.servlet.TestDispatcherServlet  : GET "/api/expenses/999999", parameters={}
2025-06-01T00:21:01.619+02:00 DEBUG 8036 --- [expensetracker-test] [    Test worker] o.s.t.web.servlet.TestDispatcherServlet  : Completed 404 NOT_FOUND
2025-06-01T00:21:01.619+02:00 DEBUG 8036 --- [expensetracker-test] [    Test worker] org.springframework.test.context.cache   : Spring test ApplicationContext cache statistics: [DefaultContextCache@2e2b1310 size = 2, maxSize = 32, parentContextCount = 0, hitCount = 262, missCount = 2, failureCount = 0]
2025-06-01T00:21:01.619+02:00 DEBUG 8036 --- [expensetracker-test] [    Test worker] org.springframework.test.context.cache   : Spring test ApplicationContext cache statistics: [DefaultContextCache@2e2b1310 size = 2, maxSize = 32, parentContextCount = 0, hitCount = 263, missCount = 2, failureCount = 0]
2025-06-01T00:21:01.620+02:00 DEBUG 8036 --- [expensetracker-test] [    Test worker] org.springframework.test.context.cache   : Spring test ApplicationContext cache statistics: [DefaultContextCache@2e2b1310 size = 2, maxSize = 32, parentContextCount = 0, hitCount = 264, missCount = 2, failureCount = 0]
2025-06-01T00:21:01.620+02:00 DEBUG 8036 --- [expensetracker-test] [    Test worker] org.springframework.test.context.cache   : Spring test ApplicationContext cache statistics: [DefaultContextCache@2e2b1310 size = 2, maxSize = 32, parentContextCount = 0, hitCount = 265, missCount = 2, failureCount = 0]
2025-06-01T00:21:01.620+02:00 DEBUG 8036 --- [expensetracker-test] [    Test worker] org.springframework.test.context.cache   : Spring test ApplicationContext cache statistics: [DefaultContextCache@2e2b1310 size = 2, maxSize = 32, parentContextCount = 0, hitCount = 266, missCount = 2, failureCount = 0]
2025-06-01T00:21:01.620+02:00 DEBUG 8036 --- [expensetracker-test] [    Test worker] org.springframework.test.context.cache   : Spring test ApplicationContext cache statistics: [DefaultContextCache@2e2b1310 size = 2, maxSize = 32, parentContextCount = 0, hitCount = 267, missCount = 2, failureCount = 0]
2025-06-01T00:21:01.620+02:00 DEBUG 8036 --- [expensetracker-test] [    Test worker] org.springframework.test.context.cache   : Spring test ApplicationContext cache statistics: [DefaultContextCache@2e2b1310 size = 2, maxSize = 32, parentContextCount = 0, hitCount = 268, missCount = 2, failureCount = 0]
2025-06-01T00:21:01.620+02:00 DEBUG 8036 --- [expensetracker-test] [    Test worker] o.s.t.c.transaction.TransactionContext   : Rolled back transaction (1) for test class [be.kdg.expensetracker.controller.ExpenseRestControllerIntegrationTest]; test method [getExpenseById_NonExistentExpense_ShouldReturn404]
2025-06-01T00:21:01.620+02:00 DEBUG 8036 --- [expensetracker-test] [    Test worker] .c.s.DirtiesContextTestExecutionListener : After test method: class [ExpenseRestControllerIntegrationTest], method [getExpenseById_NonExistentExpense_ShouldReturn404], class annotated with @DirtiesContext [false] with mode [null], method annotated with @DirtiesContext [false] with mode [null]
2025-06-01T00:21:01.620+02:00 DEBUG 8036 --- [expensetracker-test] [    Test worker] o.s.t.c.w.ServletTestExecutionListener   : Resetting RequestContextHolder for test class be.kdg.expensetracker.controller.ExpenseRestControllerIntegrationTest
2025-06-01T00:21:01.621+02:00 DEBUG 8036 --- [expensetracker-test] [    Test worker] org.springframework.test.context.cache   : Spring test ApplicationContext cache statistics: [DefaultContextCache@2e2b1310 size = 2, maxSize = 32, parentContextCount = 0, hitCount = 269, missCount = 2, failureCount = 0]
2025-06-01T00:21:01.621+02:00 DEBUG 8036 --- [expensetracker-test] [    Test worker] o.s.t.c.w.ServletTestExecutionListener   : Setting up MockHttpServletRequest, MockHttpServletResponse, ServletWebRequest, and RequestContextHolder for test class be.kdg.expensetracker.controller.ExpenseRestControllerIntegrationTest
2025-06-01T00:21:01.621+02:00 DEBUG 8036 --- [expensetracker-test] [    Test worker] DependencyInjectionTestExecutionListener : Performing dependency injection for test class be.kdg.expensetracker.controller.ExpenseRestControllerIntegrationTest
2025-06-01T00:21:01.621+02:00 DEBUG 8036 --- [expensetracker-test] [    Test worker] org.springframework.test.context.cache   : Spring test ApplicationContext cache statistics: [DefaultContextCache@2e2b1310 size = 2, maxSize = 32, parentContextCount = 0, hitCount = 270, missCount = 2, failureCount = 0]
2025-06-01T00:21:01.621+02:00 DEBUG 8036 --- [expensetracker-test] [    Test worker] org.springframework.test.context.cache   : Spring test ApplicationContext cache statistics: [DefaultContextCache@2e2b1310 size = 2, maxSize = 32, parentContextCount = 0, hitCount = 271, missCount = 2, failureCount = 0]
2025-06-01T00:21:01.621+02:00 DEBUG 8036 --- [expensetracker-test] [    Test worker] sContextBeforeModesTestExecutionListener : Before test method: class [ExpenseRestControllerIntegrationTest], method [createExpense_WithoutAuthentication_ShouldReturn401], class annotated with @DirtiesContext [false] with mode [null], method annotated with @DirtiesContext [false] with mode [null]
2025-06-01T00:21:01.621+02:00 DEBUG 8036 --- [expensetracker-test] [    Test worker] t.c.t.TransactionalTestExecutionListener : Explicit transaction definition [PROPAGATION_REQUIRED,ISOLATION_DEFAULT] found for test class [be.kdg.expensetracker.controller.ExpenseRestControllerIntegrationTest] and test method [createExpense_WithoutAuthentication_ShouldReturn401]
2025-06-01T00:21:01.621+02:00 DEBUG 8036 --- [expensetracker-test] [    Test worker] org.springframework.test.context.cache   : Spring test ApplicationContext cache statistics: [DefaultContextCache@2e2b1310 size = 2, maxSize = 32, parentContextCount = 0, hitCount = 272, missCount = 2, failureCount = 0]
2025-06-01T00:21:01.621+02:00 DEBUG 8036 --- [expensetracker-test] [    Test worker] t.c.t.TransactionalTestExecutionListener : No method-level @Rollback override: using default rollback [true] for test method [void be.kdg.expensetracker.controller.ExpenseRestControllerIntegrationTest.createExpense_WithoutAuthentication_ShouldReturn401() throws java.lang.Exception]
2025-06-01T00:21:01.622+02:00 DEBUG 8036 --- [expensetracker-test] [    Test worker] o.s.t.c.transaction.TransactionContext   : Began transaction (1) for test class [be.kdg.expensetracker.controller.ExpenseRestControllerIntegrationTest]; test method [createExpense_WithoutAuthentication_ShouldReturn401]; transaction manager [org.springframework.orm.jpa.JpaTransactionManager@3918a9f9]; rollback [true]
2025-06-01T00:21:01.622+02:00 DEBUG 8036 --- [expensetracker-test] [    Test worker] org.springframework.test.context.cache   : Spring test ApplicationContext cache statistics: [DefaultContextCache@2e2b1310 size = 2, maxSize = 32, parentContextCount = 0, hitCount = 273, missCount = 2, failureCount = 0]
2025-06-01T00:21:01.622+02:00 DEBUG 8036 --- [expensetracker-test] [    Test worker] org.springframework.test.context.cache   : Spring test ApplicationContext cache statistics: [DefaultContextCache@2e2b1310 size = 2, maxSize = 32, parentContextCount = 0, hitCount = 274, missCount = 2, failureCount = 0]
2025-06-01T00:21:01.792+02:00 DEBUG 8036 --- [expensetracker-test] [    Test worker] org.springframework.test.context.cache   : Spring test ApplicationContext cache statistics: [DefaultContextCache@2e2b1310 size = 2, maxSize = 32, parentContextCount = 0, hitCount = 275, missCount = 2, failureCount = 0]
2025-06-01T00:21:01.796+02:00 DEBUG 8036 --- [expensetracker-test] [    Test worker] org.springframework.test.context.cache   : Spring test ApplicationContext cache statistics: [DefaultContextCache@2e2b1310 size = 2, maxSize = 32, parentContextCount = 0, hitCount = 276, missCount = 2, failureCount = 0]
2025-06-01T00:21:01.796+02:00 DEBUG 8036 --- [expensetracker-test] [    Test worker] org.springframework.test.context.cache   : Spring test ApplicationContext cache statistics: [DefaultContextCache@2e2b1310 size = 2, maxSize = 32, parentContextCount = 0, hitCount = 277, missCount = 2, failureCount = 0]
2025-06-01T00:21:01.796+02:00 DEBUG 8036 --- [expensetracker-test] [    Test worker] org.springframework.test.context.cache   : Spring test ApplicationContext cache statistics: [DefaultContextCache@2e2b1310 size = 2, maxSize = 32, parentContextCount = 0, hitCount = 278, missCount = 2, failureCount = 0]
2025-06-01T00:21:01.796+02:00 DEBUG 8036 --- [expensetracker-test] [    Test worker] org.springframework.test.context.cache   : Spring test ApplicationContext cache statistics: [DefaultContextCache@2e2b1310 size = 2, maxSize = 32, parentContextCount = 0, hitCount = 279, missCount = 2, failureCount = 0]
2025-06-01T00:21:01.796+02:00 DEBUG 8036 --- [expensetracker-test] [    Test worker] org.springframework.test.context.cache   : Spring test ApplicationContext cache statistics: [DefaultContextCache@2e2b1310 size = 2, maxSize = 32, parentContextCount = 0, hitCount = 280, missCount = 2, failureCount = 0]
2025-06-01T00:21:01.797+02:00 DEBUG 8036 --- [expensetracker-test] [    Test worker] org.springframework.test.context.cache   : Spring test ApplicationContext cache statistics: [DefaultContextCache@2e2b1310 size = 2, maxSize = 32, parentContextCount = 0, hitCount = 281, missCount = 2, failureCount = 0]
2025-06-01T00:21:01.797+02:00 DEBUG 8036 --- [expensetracker-test] [    Test worker] org.springframework.test.context.cache   : Spring test ApplicationContext cache statistics: [DefaultContextCache@2e2b1310 size = 2, maxSize = 32, parentContextCount = 0, hitCount = 282, missCount = 2, failureCount = 0]
2025-06-01T00:21:01.797+02:00 DEBUG 8036 --- [expensetracker-test] [    Test worker] o.s.t.c.transaction.TransactionContext   : Rolled back transaction (1) for test class [be.kdg.expensetracker.controller.ExpenseRestControllerIntegrationTest]; test method [createExpense_WithoutAuthentication_ShouldReturn401]
2025-06-01T00:21:01.797+02:00 DEBUG 8036 --- [expensetracker-test] [    Test worker] .c.s.DirtiesContextTestExecutionListener : After test method: class [ExpenseRestControllerIntegrationTest], method [createExpense_WithoutAuthentication_ShouldReturn401], class annotated with @DirtiesContext [false] with mode [null], method annotated with @DirtiesContext [false] with mode [null]
2025-06-01T00:21:01.797+02:00 DEBUG 8036 --- [expensetracker-test] [    Test worker] o.s.t.c.w.ServletTestExecutionListener   : Resetting RequestContextHolder for test class be.kdg.expensetracker.controller.ExpenseRestControllerIntegrationTest
2025-06-01T00:21:01.798+02:00 DEBUG 8036 --- [expensetracker-test] [    Test worker] org.springframework.test.context.cache   : Spring test ApplicationContext cache statistics: [DefaultContextCache@2e2b1310 size = 2, maxSize = 32, parentContextCount = 0, hitCount = 283, missCount = 2, failureCount = 0]
2025-06-01T00:21:01.798+02:00 DEBUG 8036 --- [expensetracker-test] [    Test worker] o.s.t.c.w.ServletTestExecutionListener   : Setting up MockHttpServletRequest, MockHttpServletResponse, ServletWebRequest, and RequestContextHolder for test class be.kdg.expensetracker.controller.ExpenseRestControllerIntegrationTest
2025-06-01T00:21:01.798+02:00 DEBUG 8036 --- [expensetracker-test] [    Test worker] DependencyInjectionTestExecutionListener : Performing dependency injection for test class be.kdg.expensetracker.controller.ExpenseRestControllerIntegrationTest
2025-06-01T00:21:01.798+02:00 DEBUG 8036 --- [expensetracker-test] [    Test worker] org.springframework.test.context.cache   : Spring test ApplicationContext cache statistics: [DefaultContextCache@2e2b1310 size = 2, maxSize = 32, parentContextCount = 0, hitCount = 284, missCount = 2, failureCount = 0]
2025-06-01T00:21:01.798+02:00 DEBUG 8036 --- [expensetracker-test] [    Test worker] org.springframework.test.context.cache   : Spring test ApplicationContext cache statistics: [DefaultContextCache@2e2b1310 size = 2, maxSize = 32, parentContextCount = 0, hitCount = 285, missCount = 2, failureCount = 0]
2025-06-01T00:21:01.799+02:00 DEBUG 8036 --- [expensetracker-test] [    Test worker] sContextBeforeModesTestExecutionListener : Before test method: class [ExpenseRestControllerIntegrationTest], method [getExpensesByUser_NonExistentUser_ShouldReturnEmptyList], class annotated with @DirtiesContext [false] with mode [null], method annotated with @DirtiesContext [false] with mode [null]
2025-06-01T00:21:01.799+02:00 DEBUG 8036 --- [expensetracker-test] [    Test worker] t.c.t.TransactionalTestExecutionListener : Explicit transaction definition [PROPAGATION_REQUIRED,ISOLATION_DEFAULT] found for test class [be.kdg.expensetracker.controller.ExpenseRestControllerIntegrationTest] and test method [getExpensesByUser_NonExistentUser_ShouldReturnEmptyList]
2025-06-01T00:21:01.799+02:00 DEBUG 8036 --- [expensetracker-test] [    Test worker] org.springframework.test.context.cache   : Spring test ApplicationContext cache statistics: [DefaultContextCache@2e2b1310 size = 2, maxSize = 32, parentContextCount = 0, hitCount = 286, missCount = 2, failureCount = 0]
2025-06-01T00:21:01.799+02:00 DEBUG 8036 --- [expensetracker-test] [    Test worker] t.c.t.TransactionalTestExecutionListener : No method-level @Rollback override: using default rollback [true] for test method [void be.kdg.expensetracker.controller.ExpenseRestControllerIntegrationTest.getExpensesByUser_NonExistentUser_ShouldReturnEmptyList() throws java.lang.Exception]
2025-06-01T00:21:01.799+02:00 DEBUG 8036 --- [expensetracker-test] [    Test worker] o.s.t.c.transaction.TransactionContext   : Began transaction (1) for test class [be.kdg.expensetracker.controller.ExpenseRestControllerIntegrationTest]; test method [getExpensesByUser_NonExistentUser_ShouldReturnEmptyList]; transaction manager [org.springframework.orm.jpa.JpaTransactionManager@3918a9f9]; rollback [true]
2025-06-01T00:21:01.799+02:00 DEBUG 8036 --- [expensetracker-test] [    Test worker] org.springframework.test.context.cache   : Spring test ApplicationContext cache statistics: [DefaultContextCache@2e2b1310 size = 2, maxSize = 32, parentContextCount = 0, hitCount = 287, missCount = 2, failureCount = 0]
2025-06-01T00:21:01.799+02:00 DEBUG 8036 --- [expensetracker-test] [    Test worker] org.springframework.test.context.cache   : Spring test ApplicationContext cache statistics: [DefaultContextCache@2e2b1310 size = 2, maxSize = 32, parentContextCount = 0, hitCount = 288, missCount = 2, failureCount = 0]
2025-06-01T00:21:01.976+02:00 DEBUG 8036 --- [expensetracker-test] [    Test worker] org.springframework.test.context.cache   : Spring test ApplicationContext cache statistics: [DefaultContextCache@2e2b1310 size = 2, maxSize = 32, parentContextCount = 0, hitCount = 289, missCount = 2, failureCount = 0]
2025-06-01T00:21:01.976+02:00 DEBUG 8036 --- [expensetracker-test] [    Test worker] o.s.t.web.servlet.TestDispatcherServlet  : GET "/api/expenses/user/999999", parameters={}
2025-06-01T00:21:01.981+02:00 DEBUG 8036 --- [expensetracker-test] [    Test worker] o.s.t.web.servlet.TestDispatcherServlet  : Completed 200 OK
2025-06-01T00:21:01.982+02:00 DEBUG 8036 --- [expensetracker-test] [    Test worker] org.springframework.test.context.cache   : Spring test ApplicationContext cache statistics: [DefaultContextCache@2e2b1310 size = 2, maxSize = 32, parentContextCount = 0, hitCount = 290, missCount = 2, failureCount = 0]
2025-06-01T00:21:01.982+02:00 DEBUG 8036 --- [expensetracker-test] [    Test worker] org.springframework.test.context.cache   : Spring test ApplicationContext cache statistics: [DefaultContextCache@2e2b1310 size = 2, maxSize = 32, parentContextCount = 0, hitCount = 291, missCount = 2, failureCount = 0]
2025-06-01T00:21:01.982+02:00 DEBUG 8036 --- [expensetracker-test] [    Test worker] org.springframework.test.context.cache   : Spring test ApplicationContext cache statistics: [DefaultContextCache@2e2b1310 size = 2, maxSize = 32, parentContextCount = 0, hitCount = 292, missCount = 2, failureCount = 0]
2025-06-01T00:21:01.982+02:00 DEBUG 8036 --- [expensetracker-test] [    Test worker] org.springframework.test.context.cache   : Spring test ApplicationContext cache statistics: [DefaultContextCache@2e2b1310 size = 2, maxSize = 32, parentContextCount = 0, hitCount = 293, missCount = 2, failureCount = 0]
2025-06-01T00:21:01.982+02:00 DEBUG 8036 --- [expensetracker-test] [    Test worker] org.springframework.test.context.cache   : Spring test ApplicationContext cache statistics: [DefaultContextCache@2e2b1310 size = 2, maxSize = 32, parentContextCount = 0, hitCount = 294, missCount = 2, failureCount = 0]
2025-06-01T00:21:01.982+02:00 DEBUG 8036 --- [expensetracker-test] [    Test worker] org.springframework.test.context.cache   : Spring test ApplicationContext cache statistics: [DefaultContextCache@2e2b1310 size = 2, maxSize = 32, parentContextCount = 0, hitCount = 295, missCount = 2, failureCount = 0]
2025-06-01T00:21:01.982+02:00 DEBUG 8036 --- [expensetracker-test] [    Test worker] org.springframework.test.context.cache   : Spring test ApplicationContext cache statistics: [DefaultContextCache@2e2b1310 size = 2, maxSize = 32, parentContextCount = 0, hitCount = 296, missCount = 2, failureCount = 0]
2025-06-01T00:21:01.982+02:00 DEBUG 8036 --- [expensetracker-test] [    Test worker] o.s.t.c.transaction.TransactionContext   : Rolled back transaction (1) for test class [be.kdg.expensetracker.controller.ExpenseRestControllerIntegrationTest]; test method [getExpensesByUser_NonExistentUser_ShouldReturnEmptyList]
2025-06-01T00:21:01.982+02:00 DEBUG 8036 --- [expensetracker-test] [    Test worker] .c.s.DirtiesContextTestExecutionListener : After test method: class [ExpenseRestControllerIntegrationTest], method [getExpensesByUser_NonExistentUser_ShouldReturnEmptyList], class annotated with @DirtiesContext [false] with mode [null], method annotated with @DirtiesContext [false] with mode [null]
2025-06-01T00:21:01.982+02:00 DEBUG 8036 --- [expensetracker-test] [    Test worker] o.s.t.c.w.ServletTestExecutionListener   : Resetting RequestContextHolder for test class be.kdg.expensetracker.controller.ExpenseRestControllerIntegrationTest
2025-06-01T00:21:01.982+02:00 DEBUG 8036 --- [expensetracker-test] [    Test worker] org.springframework.test.context.cache   : Spring test ApplicationContext cache statistics: [DefaultContextCache@2e2b1310 size = 2, maxSize = 32, parentContextCount = 0, hitCount = 297, missCount = 2, failureCount = 0]
2025-06-01T00:21:01.984+02:00 DEBUG 8036 --- [expensetracker-test] [    Test worker] o.s.t.c.w.ServletTestExecutionListener   : Setting up MockHttpServletRequest, MockHttpServletResponse, ServletWebRequest, and RequestContextHolder for test class be.kdg.expensetracker.controller.ExpenseRestControllerIntegrationTest
2025-06-01T00:21:01.984+02:00 DEBUG 8036 --- [expensetracker-test] [    Test worker] DependencyInjectionTestExecutionListener : Performing dependency injection for test class be.kdg.expensetracker.controller.ExpenseRestControllerIntegrationTest
2025-06-01T00:21:01.984+02:00 DEBUG 8036 --- [expensetracker-test] [    Test worker] org.springframework.test.context.cache   : Spring test ApplicationContext cache statistics: [DefaultContextCache@2e2b1310 size = 2, maxSize = 32, parentContextCount = 0, hitCount = 298, missCount = 2, failureCount = 0]
2025-06-01T00:21:01.984+02:00 DEBUG 8036 --- [expensetracker-test] [    Test worker] org.springframework.test.context.cache   : Spring test ApplicationContext cache statistics: [DefaultContextCache@2e2b1310 size = 2, maxSize = 32, parentContextCount = 0, hitCount = 299, missCount = 2, failureCount = 0]
2025-06-01T00:21:01.984+02:00 DEBUG 8036 --- [expensetracker-test] [    Test worker] sContextBeforeModesTestExecutionListener : Before test method: class [ExpenseRestControllerIntegrationTest], method [deleteExpense_ByNonOwner_ShouldReturn403], class annotated with @DirtiesContext [false] with mode [null], method annotated with @DirtiesContext [false] with mode [null]
2025-06-01T00:21:01.984+02:00 DEBUG 8036 --- [expensetracker-test] [    Test worker] t.c.t.TransactionalTestExecutionListener : Explicit transaction definition [PROPAGATION_REQUIRED,ISOLATION_DEFAULT] found for test class [be.kdg.expensetracker.controller.ExpenseRestControllerIntegrationTest] and test method [deleteExpense_ByNonOwner_ShouldReturn403]
2025-06-01T00:21:01.984+02:00 DEBUG 8036 --- [expensetracker-test] [    Test worker] org.springframework.test.context.cache   : Spring test ApplicationContext cache statistics: [DefaultContextCache@2e2b1310 size = 2, maxSize = 32, parentContextCount = 0, hitCount = 300, missCount = 2, failureCount = 0]
2025-06-01T00:21:01.984+02:00 DEBUG 8036 --- [expensetracker-test] [    Test worker] t.c.t.TransactionalTestExecutionListener : No method-level @Rollback override: using default rollback [true] for test method [void be.kdg.expensetracker.controller.ExpenseRestControllerIntegrationTest.deleteExpense_ByNonOwner_ShouldReturn403() throws java.lang.Exception]
2025-06-01T00:21:01.984+02:00 DEBUG 8036 --- [expensetracker-test] [    Test worker] o.s.t.c.transaction.TransactionContext   : Began transaction (1) for test class [be.kdg.expensetracker.controller.ExpenseRestControllerIntegrationTest]; test method [deleteExpense_ByNonOwner_ShouldReturn403]; transaction manager [org.springframework.orm.jpa.JpaTransactionManager@3918a9f9]; rollback [true]
2025-06-01T00:21:01.984+02:00 DEBUG 8036 --- [expensetracker-test] [    Test worker] org.springframework.test.context.cache   : Spring test ApplicationContext cache statistics: [DefaultContextCache@2e2b1310 size = 2, maxSize = 32, parentContextCount = 0, hitCount = 301, missCount = 2, failureCount = 0]
2025-06-01T00:21:01.985+02:00 DEBUG 8036 --- [expensetracker-test] [    Test worker] org.springframework.test.context.cache   : Spring test ApplicationContext cache statistics: [DefaultContextCache@2e2b1310 size = 2, maxSize = 32, parentContextCount = 0, hitCount = 302, missCount = 2, failureCount = 0]
2025-06-01T00:21:01.985+02:00 DEBUG 8036 --- [expensetracker-test] [    Test worker] org.springframework.test.context.cache   : Spring test ApplicationContext cache statistics: [DefaultContextCache@2e2b1310 size = 2, maxSize = 32, parentContextCount = 0, hitCount = 303, missCount = 2, failureCount = 0]
2025-06-01T00:21:01.985+02:00 DEBUG 8036 --- [expensetracker-test] [    Test worker] org.springframework.test.context.cache   : Spring test ApplicationContext cache statistics: [DefaultContextCache@2e2b1310 size = 2, maxSize = 32, parentContextCount = 0, hitCount = 304, missCount = 2, failureCount = 0]
2025-06-01T00:21:02.160+02:00 DEBUG 8036 --- [expensetracker-test] [    Test worker] org.springframework.test.context.cache   : Spring test ApplicationContext cache statistics: [DefaultContextCache@2e2b1310 size = 2, maxSize = 32, parentContextCount = 0, hitCount = 305, missCount = 2, failureCount = 0]
2025-06-01T00:21:02.160+02:00 DEBUG 8036 --- [expensetracker-test] [    Test worker] o.s.test.util.ReflectionTestUtils        : Invoking method 'getFilters' on target object [FilterChainProxy[Filter Chains: null]] or target class [null] with arguments {org.springframework.mock.web.MockHttpServletRequest@4334aa1b}
2025-06-01T00:21:02.160+02:00 DEBUG 8036 --- [expensetracker-test] [    Test worker] o.s.test.util.ReflectionTestUtils        : Invoking method 'getFilters' on target object [FilterChainProxy[Filter Chains: null]] or target class [null] with arguments {org.springframework.mock.web.MockHttpServletRequest@4334aa1b}
2025-06-01T00:21:02.160+02:00 DEBUG 8036 --- [expensetracker-test] [    Test worker] o.s.test.util.ReflectionTestUtils        : Getting field 'securityContextRepository' from target object [org.springframework.security.web.context.SecurityContextHolderFilter@4d6c42e] or target class [class org.springframework.security.web.context.SecurityContextHolderFilter]
2025-06-01T00:21:02.161+02:00 DEBUG 8036 --- [expensetracker-test] [    Test worker] o.s.test.util.ReflectionTestUtils        : Invoking method 'getFilters' on target object [FilterChainProxy[Filter Chains: null]] or target class [null] with arguments {org.springframework.mock.web.MockHttpServletRequest@4334aa1b}
2025-06-01T00:21:02.161+02:00 DEBUG 8036 --- [expensetracker-test] [    Test worker] o.s.test.util.ReflectionTestUtils        : Getting field 'tokenRepository' from target object [org.springframework.security.web.csrf.CsrfFilter@6325ef80] or target class [class org.springframework.security.web.csrf.CsrfFilter]
2025-06-01T00:21:02.161+02:00 DEBUG 8036 --- [expensetracker-test] [    Test worker] o.s.test.util.ReflectionTestUtils        : Invoking method 'getFilters' on target object [FilterChainProxy[Filter Chains: null]] or target class [null] with arguments {org.springframework.mock.web.MockHttpServletRequest@4334aa1b}
2025-06-01T00:21:02.161+02:00 DEBUG 8036 --- [expensetracker-test] [    Test worker] o.s.test.util.ReflectionTestUtils        : Getting field 'requestHandler' from target object [org.springframework.security.web.csrf.CsrfFilter@6325ef80] or target class [class org.springframework.security.web.csrf.CsrfFilter]
2025-06-01T00:21:02.161+02:00 DEBUG 8036 --- [expensetracker-test] [    Test worker] o.s.t.web.servlet.TestDispatcherServlet  : DELETE "/api/expenses/59", parameters={masked}
2025-06-01T00:21:02.165+02:00 DEBUG 8036 --- [expensetracker-test] [    Test worker] o.s.t.web.servlet.TestDispatcherServlet  : Completed 403 FORBIDDEN
2025-06-01T00:21:02.165+02:00 DEBUG 8036 --- [expensetracker-test] [    Test worker] org.springframework.test.context.cache   : Spring test ApplicationContext cache statistics: [DefaultContextCache@2e2b1310 size = 2, maxSize = 32, parentContextCount = 0, hitCount = 306, missCount = 2, failureCount = 0]
2025-06-01T00:21:02.165+02:00 DEBUG 8036 --- [expensetracker-test] [    Test worker] org.springframework.test.context.cache   : Spring test ApplicationContext cache statistics: [DefaultContextCache@2e2b1310 size = 2, maxSize = 32, parentContextCount = 0, hitCount = 307, missCount = 2, failureCount = 0]
2025-06-01T00:21:02.166+02:00 DEBUG 8036 --- [expensetracker-test] [    Test worker] org.springframework.test.context.cache   : Spring test ApplicationContext cache statistics: [DefaultContextCache@2e2b1310 size = 2, maxSize = 32, parentContextCount = 0, hitCount = 308, missCount = 2, failureCount = 0]
2025-06-01T00:21:02.166+02:00 DEBUG 8036 --- [expensetracker-test] [    Test worker] org.springframework.test.context.cache   : Spring test ApplicationContext cache statistics: [DefaultContextCache@2e2b1310 size = 2, maxSize = 32, parentContextCount = 0, hitCount = 309, missCount = 2, failureCount = 0]
2025-06-01T00:21:02.166+02:00 DEBUG 8036 --- [expensetracker-test] [    Test worker] org.springframework.test.context.cache   : Spring test ApplicationContext cache statistics: [DefaultContextCache@2e2b1310 size = 2, maxSize = 32, parentContextCount = 0, hitCount = 310, missCount = 2, failureCount = 0]
2025-06-01T00:21:02.166+02:00 DEBUG 8036 --- [expensetracker-test] [    Test worker] org.springframework.test.context.cache   : Spring test ApplicationContext cache statistics: [DefaultContextCache@2e2b1310 size = 2, maxSize = 32, parentContextCount = 0, hitCount = 311, missCount = 2, failureCount = 0]
2025-06-01T00:21:02.166+02:00 DEBUG 8036 --- [expensetracker-test] [    Test worker] org.springframework.test.context.cache   : Spring test ApplicationContext cache statistics: [DefaultContextCache@2e2b1310 size = 2, maxSize = 32, parentContextCount = 0, hitCount = 312, missCount = 2, failureCount = 0]
2025-06-01T00:21:02.166+02:00 DEBUG 8036 --- [expensetracker-test] [    Test worker] o.s.t.c.transaction.TransactionContext   : Rolled back transaction (1) for test class [be.kdg.expensetracker.controller.ExpenseRestControllerIntegrationTest]; test method [deleteExpense_ByNonOwner_ShouldReturn403]
2025-06-01T00:21:02.166+02:00 DEBUG 8036 --- [expensetracker-test] [    Test worker] .c.s.DirtiesContextTestExecutionListener : After test method: class [ExpenseRestControllerIntegrationTest], method [deleteExpense_ByNonOwner_ShouldReturn403], class annotated with @DirtiesContext [false] with mode [null], method annotated with @DirtiesContext [false] with mode [null]
2025-06-01T00:21:02.166+02:00 DEBUG 8036 --- [expensetracker-test] [    Test worker] o.s.t.c.w.ServletTestExecutionListener   : Resetting RequestContextHolder for test class be.kdg.expensetracker.controller.ExpenseRestControllerIntegrationTest
2025-06-01T00:21:02.166+02:00 DEBUG 8036 --- [expensetracker-test] [    Test worker] org.springframework.test.context.cache   : Spring test ApplicationContext cache statistics: [DefaultContextCache@2e2b1310 size = 2, maxSize = 32, parentContextCount = 0, hitCount = 313, missCount = 2, failureCount = 0]
2025-06-01T00:21:02.166+02:00 DEBUG 8036 --- [expensetracker-test] [    Test worker] o.s.t.c.w.ServletTestExecutionListener   : Setting up MockHttpServletRequest, MockHttpServletResponse, ServletWebRequest, and RequestContextHolder for test class be.kdg.expensetracker.controller.ExpenseRestControllerIntegrationTest
2025-06-01T00:21:02.166+02:00 DEBUG 8036 --- [expensetracker-test] [    Test worker] DependencyInjectionTestExecutionListener : Performing dependency injection for test class be.kdg.expensetracker.controller.ExpenseRestControllerIntegrationTest
2025-06-01T00:21:02.166+02:00 DEBUG 8036 --- [expensetracker-test] [    Test worker] org.springframework.test.context.cache   : Spring test ApplicationContext cache statistics: [DefaultContextCache@2e2b1310 size = 2, maxSize = 32, parentContextCount = 0, hitCount = 314, missCount = 2, failureCount = 0]
2025-06-01T00:21:02.167+02:00 DEBUG 8036 --- [expensetracker-test] [    Test worker] org.springframework.test.context.cache   : Spring test ApplicationContext cache statistics: [DefaultContextCache@2e2b1310 size = 2, maxSize = 32, parentContextCount = 0, hitCount = 315, missCount = 2, failureCount = 0]
2025-06-01T00:21:02.167+02:00 DEBUG 8036 --- [expensetracker-test] [    Test worker] sContextBeforeModesTestExecutionListener : Before test method: class [ExpenseRestControllerIntegrationTest], method [updateExpense_ByNonOwner_ShouldReturn403], class annotated with @DirtiesContext [false] with mode [null], method annotated with @DirtiesContext [false] with mode [null]
2025-06-01T00:21:02.167+02:00 DEBUG 8036 --- [expensetracker-test] [    Test worker] t.c.t.TransactionalTestExecutionListener : Explicit transaction definition [PROPAGATION_REQUIRED,ISOLATION_DEFAULT] found for test class [be.kdg.expensetracker.controller.ExpenseRestControllerIntegrationTest] and test method [updateExpense_ByNonOwner_ShouldReturn403]
2025-06-01T00:21:02.167+02:00 DEBUG 8036 --- [expensetracker-test] [    Test worker] org.springframework.test.context.cache   : Spring test ApplicationContext cache statistics: [DefaultContextCache@2e2b1310 size = 2, maxSize = 32, parentContextCount = 0, hitCount = 316, missCount = 2, failureCount = 0]
2025-06-01T00:21:02.167+02:00 DEBUG 8036 --- [expensetracker-test] [    Test worker] t.c.t.TransactionalTestExecutionListener : No method-level @Rollback override: using default rollback [true] for test method [void be.kdg.expensetracker.controller.ExpenseRestControllerIntegrationTest.updateExpense_ByNonOwner_ShouldReturn403() throws java.lang.Exception]
2025-06-01T00:21:02.167+02:00 DEBUG 8036 --- [expensetracker-test] [    Test worker] o.s.t.c.transaction.TransactionContext   : Began transaction (1) for test class [be.kdg.expensetracker.controller.ExpenseRestControllerIntegrationTest]; test method [updateExpense_ByNonOwner_ShouldReturn403]; transaction manager [org.springframework.orm.jpa.JpaTransactionManager@3918a9f9]; rollback [true]
2025-06-01T00:21:02.167+02:00 DEBUG 8036 --- [expensetracker-test] [    Test worker] org.springframework.test.context.cache   : Spring test ApplicationContext cache statistics: [DefaultContextCache@2e2b1310 size = 2, maxSize = 32, parentContextCount = 0, hitCount = 317, missCount = 2, failureCount = 0]
2025-06-01T00:21:02.167+02:00 DEBUG 8036 --- [expensetracker-test] [    Test worker] org.springframework.test.context.cache   : Spring test ApplicationContext cache statistics: [DefaultContextCache@2e2b1310 size = 2, maxSize = 32, parentContextCount = 0, hitCount = 318, missCount = 2, failureCount = 0]
2025-06-01T00:21:02.167+02:00 DEBUG 8036 --- [expensetracker-test] [    Test worker] org.springframework.test.context.cache   : Spring test ApplicationContext cache statistics: [DefaultContextCache@2e2b1310 size = 2, maxSize = 32, parentContextCount = 0, hitCount = 319, missCount = 2, failureCount = 0]
2025-06-01T00:21:02.167+02:00 DEBUG 8036 --- [expensetracker-test] [    Test worker] org.springframework.test.context.cache   : Spring test ApplicationContext cache statistics: [DefaultContextCache@2e2b1310 size = 2, maxSize = 32, parentContextCount = 0, hitCount = 320, missCount = 2, failureCount = 0]
2025-06-01T00:21:02.343+02:00 DEBUG 8036 --- [expensetracker-test] [    Test worker] org.springframework.test.context.cache   : Spring test ApplicationContext cache statistics: [DefaultContextCache@2e2b1310 size = 2, maxSize = 32, parentContextCount = 0, hitCount = 321, missCount = 2, failureCount = 0]
2025-06-01T00:21:02.345+02:00 DEBUG 8036 --- [expensetracker-test] [    Test worker] o.s.test.util.ReflectionTestUtils        : Invoking method 'getFilters' on target object [FilterChainProxy[Filter Chains: null]] or target class [null] with arguments {org.springframework.mock.web.MockHttpServletRequest@912756d}
2025-06-01T00:21:02.345+02:00 DEBUG 8036 --- [expensetracker-test] [    Test worker] o.s.test.util.ReflectionTestUtils        : Invoking method 'getFilters' on target object [FilterChainProxy[Filter Chains: null]] or target class [null] with arguments {org.springframework.mock.web.MockHttpServletRequest@912756d}
2025-06-01T00:21:02.345+02:00 DEBUG 8036 --- [expensetracker-test] [    Test worker] o.s.test.util.ReflectionTestUtils        : Getting field 'securityContextRepository' from target object [org.springframework.security.web.context.SecurityContextHolderFilter@4d6c42e] or target class [class org.springframework.security.web.context.SecurityContextHolderFilter]
2025-06-01T00:21:02.345+02:00 DEBUG 8036 --- [expensetracker-test] [    Test worker] o.s.test.util.ReflectionTestUtils        : Invoking method 'getFilters' on target object [FilterChainProxy[Filter Chains: null]] or target class [null] with arguments {org.springframework.mock.web.MockHttpServletRequest@912756d}
2025-06-01T00:21:02.345+02:00 DEBUG 8036 --- [expensetracker-test] [    Test worker] o.s.test.util.ReflectionTestUtils        : Getting field 'tokenRepository' from target object [org.springframework.security.web.csrf.CsrfFilter@6325ef80] or target class [class org.springframework.security.web.csrf.CsrfFilter]
2025-06-01T00:21:02.345+02:00 DEBUG 8036 --- [expensetracker-test] [    Test worker] o.s.test.util.ReflectionTestUtils        : Invoking method 'getFilters' on target object [FilterChainProxy[Filter Chains: null]] or target class [null] with arguments {org.springframework.mock.web.MockHttpServletRequest@912756d}
2025-06-01T00:21:02.345+02:00 DEBUG 8036 --- [expensetracker-test] [    Test worker] o.s.test.util.ReflectionTestUtils        : Getting field 'requestHandler' from target object [org.springframework.security.web.csrf.CsrfFilter@6325ef80] or target class [class org.springframework.security.web.csrf.CsrfFilter]
2025-06-01T00:21:02.346+02:00 DEBUG 8036 --- [expensetracker-test] [    Test worker] o.s.t.web.servlet.TestDispatcherServlet  : PATCH "/api/expenses/62", parameters={masked}
2025-06-01T00:21:02.394+02:00 DEBUG 8036 --- [expensetracker-test] [    Test worker] o.s.t.web.servlet.TestDispatcherServlet  : Completed 403 FORBIDDEN
2025-06-01T00:21:02.395+02:00 DEBUG 8036 --- [expensetracker-test] [    Test worker] org.springframework.test.context.cache   : Spring test ApplicationContext cache statistics: [DefaultContextCache@2e2b1310 size = 2, maxSize = 32, parentContextCount = 0, hitCount = 322, missCount = 2, failureCount = 0]
2025-06-01T00:21:02.395+02:00 DEBUG 8036 --- [expensetracker-test] [    Test worker] org.springframework.test.context.cache   : Spring test ApplicationContext cache statistics: [DefaultContextCache@2e2b1310 size = 2, maxSize = 32, parentContextCount = 0, hitCount = 323, missCount = 2, failureCount = 0]
2025-06-01T00:21:02.395+02:00 DEBUG 8036 --- [expensetracker-test] [    Test worker] org.springframework.test.context.cache   : Spring test ApplicationContext cache statistics: [DefaultContextCache@2e2b1310 size = 2, maxSize = 32, parentContextCount = 0, hitCount = 324, missCount = 2, failureCount = 0]
2025-06-01T00:21:02.395+02:00 DEBUG 8036 --- [expensetracker-test] [    Test worker] org.springframework.test.context.cache   : Spring test ApplicationContext cache statistics: [DefaultContextCache@2e2b1310 size = 2, maxSize = 32, parentContextCount = 0, hitCount = 325, missCount = 2, failureCount = 0]
2025-06-01T00:21:02.395+02:00 DEBUG 8036 --- [expensetracker-test] [    Test worker] org.springframework.test.context.cache   : Spring test ApplicationContext cache statistics: [DefaultContextCache@2e2b1310 size = 2, maxSize = 32, parentContextCount = 0, hitCount = 326, missCount = 2, failureCount = 0]
2025-06-01T00:21:02.395+02:00 DEBUG 8036 --- [expensetracker-test] [    Test worker] org.springframework.test.context.cache   : Spring test ApplicationContext cache statistics: [DefaultContextCache@2e2b1310 size = 2, maxSize = 32, parentContextCount = 0, hitCount = 327, missCount = 2, failureCount = 0]
2025-06-01T00:21:02.395+02:00 DEBUG 8036 --- [expensetracker-test] [    Test worker] org.springframework.test.context.cache   : Spring test ApplicationContext cache statistics: [DefaultContextCache@2e2b1310 size = 2, maxSize = 32, parentContextCount = 0, hitCount = 328, missCount = 2, failureCount = 0]
2025-06-01T00:21:02.396+02:00 DEBUG 8036 --- [expensetracker-test] [    Test worker] o.s.t.c.transaction.TransactionContext   : Rolled back transaction (1) for test class [be.kdg.expensetracker.controller.ExpenseRestControllerIntegrationTest]; test method [updateExpense_ByNonOwner_ShouldReturn403]
2025-06-01T00:21:02.396+02:00 DEBUG 8036 --- [expensetracker-test] [    Test worker] .c.s.DirtiesContextTestExecutionListener : After test method: class [ExpenseRestControllerIntegrationTest], method [updateExpense_ByNonOwner_ShouldReturn403], class annotated with @DirtiesContext [false] with mode [null], method annotated with @DirtiesContext [false] with mode [null]
2025-06-01T00:21:02.396+02:00 DEBUG 8036 --- [expensetracker-test] [    Test worker] o.s.t.c.w.ServletTestExecutionListener   : Resetting RequestContextHolder for test class be.kdg.expensetracker.controller.ExpenseRestControllerIntegrationTest
2025-06-01T00:21:02.396+02:00 DEBUG 8036 --- [expensetracker-test] [    Test worker] org.springframework.test.context.cache   : Spring test ApplicationContext cache statistics: [DefaultContextCache@2e2b1310 size = 2, maxSize = 32, parentContextCount = 0, hitCount = 329, missCount = 2, failureCount = 0]
2025-06-01T00:21:02.396+02:00 DEBUG 8036 --- [expensetracker-test] [    Test worker] o.s.t.c.w.ServletTestExecutionListener   : Setting up MockHttpServletRequest, MockHttpServletResponse, ServletWebRequest, and RequestContextHolder for test class be.kdg.expensetracker.controller.ExpenseRestControllerIntegrationTest
2025-06-01T00:21:02.396+02:00 DEBUG 8036 --- [expensetracker-test] [    Test worker] DependencyInjectionTestExecutionListener : Performing dependency injection for test class be.kdg.expensetracker.controller.ExpenseRestControllerIntegrationTest
2025-06-01T00:21:02.397+02:00 DEBUG 8036 --- [expensetracker-test] [    Test worker] org.springframework.test.context.cache   : Spring test ApplicationContext cache statistics: [DefaultContextCache@2e2b1310 size = 2, maxSize = 32, parentContextCount = 0, hitCount = 330, missCount = 2, failureCount = 0]
2025-06-01T00:21:02.397+02:00 DEBUG 8036 --- [expensetracker-test] [    Test worker] org.springframework.test.context.cache   : Spring test ApplicationContext cache statistics: [DefaultContextCache@2e2b1310 size = 2, maxSize = 32, parentContextCount = 0, hitCount = 331, missCount = 2, failureCount = 0]
2025-06-01T00:21:02.397+02:00 DEBUG 8036 --- [expensetracker-test] [    Test worker] sContextBeforeModesTestExecutionListener : Before test method: class [ExpenseRestControllerIntegrationTest], method [updateExpense_ByAdmin_ShouldSucceed], class annotated with @DirtiesContext [false] with mode [null], method annotated with @DirtiesContext [false] with mode [null]
2025-06-01T00:21:02.397+02:00 DEBUG 8036 --- [expensetracker-test] [    Test worker] t.c.t.TransactionalTestExecutionListener : Explicit transaction definition [PROPAGATION_REQUIRED,ISOLATION_DEFAULT] found for test class [be.kdg.expensetracker.controller.ExpenseRestControllerIntegrationTest] and test method [updateExpense_ByAdmin_ShouldSucceed]
2025-06-01T00:21:02.397+02:00 DEBUG 8036 --- [expensetracker-test] [    Test worker] org.springframework.test.context.cache   : Spring test ApplicationContext cache statistics: [DefaultContextCache@2e2b1310 size = 2, maxSize = 32, parentContextCount = 0, hitCount = 332, missCount = 2, failureCount = 0]
2025-06-01T00:21:02.397+02:00 DEBUG 8036 --- [expensetracker-test] [    Test worker] t.c.t.TransactionalTestExecutionListener : No method-level @Rollback override: using default rollback [true] for test method [void be.kdg.expensetracker.controller.ExpenseRestControllerIntegrationTest.updateExpense_ByAdmin_ShouldSucceed() throws java.lang.Exception]
2025-06-01T00:21:02.397+02:00 DEBUG 8036 --- [expensetracker-test] [    Test worker] o.s.t.c.transaction.TransactionContext   : Began transaction (1) for test class [be.kdg.expensetracker.controller.ExpenseRestControllerIntegrationTest]; test method [updateExpense_ByAdmin_ShouldSucceed]; transaction manager [org.springframework.orm.jpa.JpaTransactionManager@3918a9f9]; rollback [true]
2025-06-01T00:21:02.398+02:00 DEBUG 8036 --- [expensetracker-test] [    Test worker] org.springframework.test.context.cache   : Spring test ApplicationContext cache statistics: [DefaultContextCache@2e2b1310 size = 2, maxSize = 32, parentContextCount = 0, hitCount = 333, missCount = 2, failureCount = 0]
2025-06-01T00:21:02.398+02:00 DEBUG 8036 --- [expensetracker-test] [    Test worker] org.springframework.test.context.cache   : Spring test ApplicationContext cache statistics: [DefaultContextCache@2e2b1310 size = 2, maxSize = 32, parentContextCount = 0, hitCount = 334, missCount = 2, failureCount = 0]
2025-06-01T00:21:02.398+02:00 DEBUG 8036 --- [expensetracker-test] [    Test worker] org.springframework.test.context.cache   : Spring test ApplicationContext cache statistics: [DefaultContextCache@2e2b1310 size = 2, maxSize = 32, parentContextCount = 0, hitCount = 335, missCount = 2, failureCount = 0]
[...]
2025-06-01T00:21:03.150+02:00 DEBUG 8036 --- [expensetracker-test] [    Test worker] org.springframework.test.context.cache   : Spring test ApplicationContext cache statistics: [DefaultContextCache@2e2b1310 size = 2, maxSize = 32, parentContextCount = 0, hitCount = 390, missCount = 2, failureCount = 0]
2025-06-01T00:21:03.151+02:00 DEBUG 8036 --- [expensetracker-test] [    Test worker] o.s.t.c.transaction.TransactionContext   : Rolled back transaction (1) for test class [be.kdg.expensetracker.controller.ExpenseRestControllerIntegrationTest]; test method [createExpense_ValidData_ShouldCreateExpense]
2025-06-01T00:21:03.151+02:00 DEBUG 8036 --- [expensetracker-test] [    Test worker] .c.s.DirtiesContextTestExecutionListener : After test method: class [ExpenseRestControllerIntegrationTest], method [createExpense_ValidData_ShouldCreateExpense], class annotated with @DirtiesContext [false] with mode [null], method annotated with @DirtiesContext [false] with mode [null]
2025-06-01T00:21:03.151+02:00 DEBUG 8036 --- [expensetracker-test] [    Test worker] o.s.t.c.w.ServletTestExecutionListener   : Resetting RequestContextHolder for test class be.kdg.expensetracker.controller.ExpenseRestControllerIntegrationTest
2025-06-01T00:21:03.151+02:00 DEBUG 8036 --- [expensetracker-test] [    Test worker] org.springframework.test.context.cache   : Spring test ApplicationContext cache statistics: [DefaultContextCache@2e2b1310 size = 2, maxSize = 32, parentContextCount = 0, hitCount = 391, missCount = 2, failureCount = 0]
2025-06-01T00:21:03.151+02:00 DEBUG 8036 --- [expensetracker-test] [    Test worker] o.s.t.c.w.ServletTestExecutionListener   : Setting up MockHttpServletRequest, MockHttpServletResponse, ServletWebRequest, and RequestContextHolder for test class be.kdg.expensetracker.controller.ExpenseRestControllerIntegrationTest
2025-06-01T00:21:03.151+02:00 DEBUG 8036 --- [expensetracker-test] [    Test worker] DependencyInjectionTestExecutionListener : Performing dependency injection for test class be.kdg.expensetracker.controller.ExpenseRestControllerIntegrationTest
2025-06-01T00:21:03.151+02:00 DEBUG 8036 --- [expensetracker-test] [    Test worker] org.springframework.test.context.cache   : Spring test ApplicationContext cache statistics: [DefaultContextCache@2e2b1310 size = 2, maxSize = 32, parentContextCount = 0, hitCount = 392, missCount = 2, failureCount = 0]
2025-06-01T00:21:03.151+02:00 DEBUG 8036 --- [expensetracker-test] [    Test worker] org.springframework.test.context.cache   : Spring test ApplicationContext cache statistics: [DefaultContextCache@2e2b1310 size = 2, maxSize = 32, parentContextCount = 0, hitCount = 393, missCount = 2, failureCount = 0]
2025-06-01T00:21:03.153+02:00 DEBUG 8036 --- [expensetracker-test] [    Test worker] sContextBeforeModesTestExecutionListener : Before test method: class [ExpenseRestControllerIntegrationTest], method [createExpense_InvalidData_ShouldReturn400], class annotated with @DirtiesContext [false] with mode [null], method annotated with @DirtiesContext [false] with mode [null]
2025-06-01T00:21:03.153+02:00 DEBUG 8036 --- [expensetracker-test] [    Test worker] t.c.t.TransactionalTestExecutionListener : Explicit transaction definition [PROPAGATION_REQUIRED,ISOLATION_DEFAULT] found for test class [be.kdg.expensetracker.controller.ExpenseRestControllerIntegrationTest] and test method [createExpense_InvalidData_ShouldReturn400]
2025-06-01T00:21:03.153+02:00 DEBUG 8036 --- [expensetracker-test] [    Test worker] org.springframework.test.context.cache   : Spring test ApplicationContext cache statistics: [DefaultContextCache@2e2b1310 size = 2, maxSize = 32, parentContextCount = 0, hitCount = 394, missCount = 2, failureCount = 0]
2025-06-01T00:21:03.153+02:00 DEBUG 8036 --- [expensetracker-test] [    Test worker] t.c.t.TransactionalTestExecutionListener : No method-level @Rollback override: using default rollback [true] for test method [void be.kdg.expensetracker.controller.ExpenseRestControllerIntegrationTest.createExpense_InvalidData_ShouldReturn400() throws java.lang.Exception]
2025-06-01T00:21:03.153+02:00 DEBUG 8036 --- [expensetracker-test] [    Test worker] o.s.t.c.transaction.TransactionContext   : Began transaction (1) for test class [be.kdg.expensetracker.controller.ExpenseRestControllerIntegrationTest]; test method [createExpense_InvalidData_ShouldReturn400]; transaction manager [org.springframework.orm.jpa.JpaTransactionManager@3918a9f9]; rollback [true]
2025-06-01T00:21:03.153+02:00 DEBUG 8036 --- [expensetracker-test] [    Test worker] org.springframework.test.context.cache   : Spring test ApplicationContext cache statistics: [DefaultContextCache@2e2b1310 size = 2, maxSize = 32, parentContextCount = 0, hitCount = 395, missCount = 2, failureCount = 0]
2025-06-01T00:21:03.153+02:00 DEBUG 8036 --- [expensetracker-test] [    Test worker] org.springframework.test.context.cache   : Spring test ApplicationContext cache statistics: [DefaultContextCache@2e2b1310 size = 2, maxSize = 32, parentContextCount = 0, hitCount = 396, missCount = 2, failureCount = 0]
2025-06-01T00:21:03.154+02:00 DEBUG 8036 --- [expensetracker-test] [    Test worker] org.springframework.test.context.cache   : Spring test ApplicationContext cache statistics: [DefaultContextCache@2e2b1310 size = 2, maxSize = 32, parentContextCount = 0, hitCount = 397, missCount = 2, failureCount = 0]
2025-06-01T00:21:03.154+02:00 DEBUG 8036 --- [expensetracker-test] [    Test worker] org.springframework.test.context.cache   : Spring test ApplicationContext cache statistics: [DefaultContextCache@2e2b1310 size = 2, maxSize = 32, parentContextCount = 0, hitCount = 398, missCount = 2, failureCount = 0]
2025-06-01T00:21:03.326+02:00 DEBUG 8036 --- [expensetracker-test] [    Test worker] org.springframework.test.context.cache   : Spring test ApplicationContext cache statistics: [DefaultContextCache@2e2b1310 size = 2, maxSize = 32, parentContextCount = 0, hitCount = 399, missCount = 2, failureCount = 0]
2025-06-01T00:21:03.326+02:00 DEBUG 8036 --- [expensetracker-test] [    Test worker] o.s.test.util.ReflectionTestUtils        : Invoking method 'getFilters' on target object [FilterChainProxy[Filter Chains: null]] or target class [null] with arguments {org.springframework.mock.web.MockHttpServletRequest@5d5984aa}
2025-06-01T00:21:03.326+02:00 DEBUG 8036 --- [expensetracker-test] [    Test worker] o.s.test.util.ReflectionTestUtils        : Invoking method 'getFilters' on target object [FilterChainProxy[Filter Chains: null]] or target class [null] with arguments {org.springframework.mock.web.MockHttpServletRequest@5d5984aa}
2025-06-01T00:21:03.326+02:00 DEBUG 8036 --- [expensetracker-test] [    Test worker] o.s.test.util.ReflectionTestUtils        : Getting field 'securityContextRepository' from target object [org.springframework.security.web.context.SecurityContextHolderFilter@4d6c42e] or target class [class org.springframework.security.web.context.SecurityContextHolderFilter]
2025-06-01T00:21:03.327+02:00 DEBUG 8036 --- [expensetracker-test] [    Test worker] o.s.test.util.ReflectionTestUtils        : Invoking method 'getFilters' on target object [FilterChainProxy[Filter Chains: null]] or target class [null] with arguments {org.springframework.mock.web.MockHttpServletRequest@5d5984aa}
2025-06-01T00:21:03.327+02:00 DEBUG 8036 --- [expensetracker-test] [    Test worker] o.s.test.util.ReflectionTestUtils        : Getting field 'tokenRepository' from target object [org.springframework.security.web.csrf.CsrfFilter@6325ef80] or target class [class org.springframework.security.web.csrf.CsrfFilter]
2025-06-01T00:21:03.327+02:00 DEBUG 8036 --- [expensetracker-test] [    Test worker] o.s.test.util.ReflectionTestUtils        : Invoking method 'getFilters' on target object [FilterChainProxy[Filter Chains: null]] or target class [null] with arguments {org.springframework.mock.web.MockHttpServletRequest@5d5984aa}
2025-06-01T00:21:03.327+02:00 DEBUG 8036 --- [expensetracker-test] [    Test worker] o.s.test.util.ReflectionTestUtils        : Getting field 'requestHandler' from target object [org.springframework.security.web.csrf.CsrfFilter@6325ef80] or target class [class org.springframework.security.web.csrf.CsrfFilter]
2025-06-01T00:21:03.327+02:00 DEBUG 8036 --- [expensetracker-test] [    Test worker] o.s.t.web.servlet.TestDispatcherServlet  : POST "/api/expenses", parameters={masked}
2025-06-01T00:21:03.338+02:00 DEBUG 8036 --- [expensetracker-test] [    Test worker] o.s.t.web.servlet.TestDispatcherServlet  : Completed 400 BAD_REQUEST
2025-06-01T00:21:03.339+02:00 DEBUG 8036 --- [expensetracker-test] [    Test worker] org.springframework.test.context.cache   : Spring test ApplicationContext cache statistics: [DefaultContextCache@2e2b1310 size = 2, maxSize = 32, parentContextCount = 0, hitCount = 400, missCount = 2, failureCount = 0]
2025-06-01T00:21:03.339+02:00 DEBUG 8036 --- [expensetracker-test] [    Test worker] org.springframework.test.context.cache   : Spring test ApplicationContext cache statistics: [DefaultContextCache@2e2b1310 size = 2, maxSize = 32, parentContextCount = 0, hitCount = 401, missCount = 2, failureCount = 0]
2025-06-01T00:21:03.340+02:00 DEBUG 8036 --- [expensetracker-test] [    Test worker] org.springframework.test.context.cache   : Spring test ApplicationContext cache statistics: [DefaultContextCache@2e2b1310 size = 2, maxSize = 32, parentContextCount = 0, hitCount = 402, missCount = 2, failureCount = 0]
2025-06-01T00:21:03.340+02:00 DEBUG 8036 --- [expensetracker-test] [    Test worker] org.springframework.test.context.cache   : Spring test ApplicationContext cache statistics: [DefaultContextCache@2e2b1310 size = 2, maxSize = 32, parentContextCount = 0, hitCount = 403, missCount = 2, failureCount = 0]
2025-06-01T00:21:03.340+02:00 DEBUG 8036 --- [expensetracker-test] [    Test worker] org.springframework.test.context.cache   : Spring test ApplicationContext cache statistics: [DefaultContextCache@2e2b1310 size = 2, maxSize = 32, parentContextCount = 0, hitCount = 404, missCount = 2, failureCount = 0]
2025-06-01T00:21:03.340+02:00 DEBUG 8036 --- [expensetracker-test] [    Test worker] org.springframework.test.context.cache   : Spring test ApplicationContext cache statistics: [DefaultContextCache@2e2b1310 size = 2, maxSize = 32, parentContextCount = 0, hitCount = 405, missCount = 2, failureCount = 0]
2025-06-01T00:21:03.340+02:00 DEBUG 8036 --- [expensetracker-test] [    Test worker] org.springframework.test.context.cache   : Spring test ApplicationContext cache statistics: [DefaultContextCache@2e2b1310 size = 2, maxSize = 32, parentContextCount = 0, hitCount = 406, missCount = 2, failureCount = 0]
2025-06-01T00:21:03.341+02:00 DEBUG 8036 --- [expensetracker-test] [    Test worker] o.s.t.c.transaction.TransactionContext   : Rolled back transaction (1) for test class [be.kdg.expensetracker.controller.ExpenseRestControllerIntegrationTest]; test method [createExpense_InvalidData_ShouldReturn400]
2025-06-01T00:21:03.341+02:00 DEBUG 8036 --- [expensetracker-test] [    Test worker] .c.s.DirtiesContextTestExecutionListener : After test method: class [ExpenseRestControllerIntegrationTest], method [createExpense_InvalidData_ShouldReturn400], class annotated with @DirtiesContext [false] with mode [null], method annotated with @DirtiesContext [false] with mode [null]
2025-06-01T00:21:03.341+02:00 DEBUG 8036 --- [expensetracker-test] [    Test worker] o.s.t.c.w.ServletTestExecutionListener   : Resetting RequestContextHolder for test class be.kdg.expensetracker.controller.ExpenseRestControllerIntegrationTest
2025-06-01T00:21:03.341+02:00 DEBUG 8036 --- [expensetracker-test] [    Test worker] org.springframework.test.context.cache   : Spring test ApplicationContext cache statistics: [DefaultContextCache@2e2b1310 size = 2, maxSize = 32, parentContextCount = 0, hitCount = 407, missCount = 2, failureCount = 0]
2025-06-01T00:21:03.341+02:00 DEBUG 8036 --- [expensetracker-test] [    Test worker] o.s.t.c.w.ServletTestExecutionListener   : Setting up MockHttpServletRequest, MockHttpServletResponse, ServletWebRequest, and RequestContextHolder for test class be.kdg.expensetracker.controller.ExpenseRestControllerIntegrationTest
2025-06-01T00:21:03.341+02:00 DEBUG 8036 --- [expensetracker-test] [    Test worker] DependencyInjectionTestExecutionListener : Performing dependency injection for test class be.kdg.expensetracker.controller.ExpenseRestControllerIntegrationTest
2025-06-01T00:21:03.341+02:00 DEBUG 8036 --- [expensetracker-test] [    Test worker] org.springframework.test.context.cache   : Spring test ApplicationContext cache statistics: [DefaultContextCache@2e2b1310 size = 2, maxSize = 32, parentContextCount = 0, hitCount = 408, missCount = 2, failureCount = 0]
2025-06-01T00:21:03.341+02:00 DEBUG 8036 --- [expensetracker-test] [    Test worker] org.springframework.test.context.cache   : Spring test ApplicationContext cache statistics: [DefaultContextCache@2e2b1310 size = 2, maxSize = 32, parentContextCount = 0, hitCount = 409, missCount = 2, failureCount = 0]
2025-06-01T00:21:03.342+02:00 DEBUG 8036 --- [expensetracker-test] [    Test worker] sContextBeforeModesTestExecutionListener : Before test method: class [ExpenseRestControllerIntegrationTest], method [getExpensesByUser_ExistingUser_ShouldReturnUserExpenses], class annotated with @DirtiesContext [false] with mode [null], method annotated with @DirtiesContext [false] with mode [null]
2025-06-01T00:21:03.342+02:00 DEBUG 8036 --- [expensetracker-test] [    Test worker] t.c.t.TransactionalTestExecutionListener : Explicit transaction definition [PROPAGATION_REQUIRED,ISOLATION_DEFAULT] found for test class [be.kdg.expensetracker.controller.ExpenseRestControllerIntegrationTest] and test method [getExpensesByUser_ExistingUser_ShouldReturnUserExpenses]
2025-06-01T00:21:03.342+02:00 DEBUG 8036 --- [expensetracker-test] [    Test worker] org.springframework.test.context.cache   : Spring test ApplicationContext cache statistics: [DefaultContextCache@2e2b1310 size = 2, maxSize = 32, parentContextCount = 0, hitCount = 410, missCount = 2, failureCount = 0]
2025-06-01T00:21:03.342+02:00 DEBUG 8036 --- [expensetracker-test] [    Test worker] t.c.t.TransactionalTestExecutionListener : No method-level @Rollback override: using default rollback [true] for test method [void be.kdg.expensetracker.controller.ExpenseRestControllerIntegrationTest.getExpensesByUser_ExistingUser_ShouldReturnUserExpenses() throws java.lang.Exception]
2025-06-01T00:21:03.342+02:00 DEBUG 8036 --- [expensetracker-test] [    Test worker] o.s.t.c.transaction.TransactionContext   : Began transaction (1) for test class [be.kdg.expensetracker.controller.ExpenseRestControllerIntegrationTest]; test method [getExpensesByUser_ExistingUser_ShouldReturnUserExpenses]; transaction manager [org.springframework.orm.jpa.JpaTransactionManager@3918a9f9]; rollback [true]
2025-06-01T00:21:03.342+02:00 DEBUG 8036 --- [expensetracker-test] [    Test worker] org.springframework.test.context.cache   : Spring test ApplicationContext cache statistics: [DefaultContextCache@2e2b1310 size = 2, maxSize = 32, parentContextCount = 0, hitCount = 411, missCount = 2, failureCount = 0]
2025-06-01T00:21:03.342+02:00 DEBUG 8036 --- [expensetracker-test] [    Test worker] org.springframework.test.context.cache   : Spring test ApplicationContext cache statistics: [DefaultContextCache@2e2b1310 size = 2, maxSize = 32, parentContextCount = 0, hitCount = 412, missCount = 2, failureCount = 0]
2025-06-01T00:21:03.520+02:00 DEBUG 8036 --- [expensetracker-test] [    Test worker] org.springframework.test.context.cache   : Spring test ApplicationContext cache statistics: [DefaultContextCache@2e2b1310 size = 2, maxSize = 32, parentContextCount = 0, hitCount = 413, missCount = 2, failureCount = 0]
2025-06-01T00:21:03.521+02:00 DEBUG 8036 --- [expensetracker-test] [    Test worker] o.s.t.web.servlet.TestDispatcherServlet  : GET "/api/expenses/user/81", parameters={}
2025-06-01T00:21:03.527+02:00 DEBUG 8036 --- [expensetracker-test] [    Test worker] o.s.t.web.servlet.TestDispatcherServlet  : Completed 200 OK
2025-06-01T00:21:03.527+02:00 DEBUG 8036 --- [expensetracker-test] [    Test worker] org.springframework.test.context.cache   : Spring test ApplicationContext cache statistics: [DefaultContextCache@2e2b1310 size = 2, maxSize = 32, parentContextCount = 0, hitCount = 414, missCount = 2, failureCount = 0]
2025-06-01T00:21:03.528+02:00 DEBUG 8036 --- [expensetracker-test] [    Test worker] org.springframework.test.context.cache   : Spring test ApplicationContext cache statistics: [DefaultContextCache@2e2b1310 size = 2, maxSize = 32, parentContextCount = 0, hitCount = 415, missCount = 2, failureCount = 0]
2025-06-01T00:21:03.528+02:00 DEBUG 8036 --- [expensetracker-test] [    Test worker] org.springframework.test.context.cache   : Spring test ApplicationContext cache statistics: [DefaultContextCache@2e2b1310 size = 2, maxSize = 32, parentContextCount = 0, hitCount = 416, missCount = 2, failureCount = 0]
2025-06-01T00:21:03.528+02:00 DEBUG 8036 --- [expensetracker-test] [    Test worker] org.springframework.test.context.cache   : Spring test ApplicationContext cache statistics: [DefaultContextCache@2e2b1310 size = 2, maxSize = 32, parentContextCount = 0, hitCount = 417, missCount = 2, failureCount = 0]
2025-06-01T00:21:03.528+02:00 DEBUG 8036 --- [expensetracker-test] [    Test worker] org.springframework.test.context.cache   : Spring test ApplicationContext cache statistics: [DefaultContextCache@2e2b1310 size = 2, maxSize = 32, parentContextCount = 0, hitCount = 418, missCount = 2, failureCount = 0]
2025-06-01T00:21:03.528+02:00 DEBUG 8036 --- [expensetracker-test] [    Test worker] org.springframework.test.context.cache   : Spring test ApplicationContext cache statistics: [DefaultContextCache@2e2b1310 size = 2, maxSize = 32, parentContextCount = 0, hitCount = 419, missCount = 2, failureCount = 0]
2025-06-01T00:21:03.528+02:00 DEBUG 8036 --- [expensetracker-test] [    Test worker] org.springframework.test.context.cache   : Spring test ApplicationContext cache statistics: [DefaultContextCache@2e2b1310 size = 2, maxSize = 32, parentContextCount = 0, hitCount = 420, missCount = 2, failureCount = 0]
2025-06-01T00:21:03.528+02:00 DEBUG 8036 --- [expensetracker-test] [    Test worker] o.s.t.c.transaction.TransactionContext   : Rolled back transaction (1) for test class [be.kdg.expensetracker.controller.ExpenseRestControllerIntegrationTest]; test method [getExpensesByUser_ExistingUser_ShouldReturnUserExpenses]
2025-06-01T00:21:03.528+02:00 DEBUG 8036 --- [expensetracker-test] [    Test worker] .c.s.DirtiesContextTestExecutionListener : After test method: class [ExpenseRestControllerIntegrationTest], method [getExpensesByUser_ExistingUser_ShouldReturnUserExpenses], class annotated with @DirtiesContext [false] with mode [null], method annotated with @DirtiesContext [false] with mode [null]
2025-06-01T00:21:03.528+02:00 DEBUG 8036 --- [expensetracker-test] [    Test worker] o.s.t.c.w.ServletTestExecutionListener   : Resetting RequestContextHolder for test class be.kdg.expensetracker.controller.ExpenseRestControllerIntegrationTest
2025-06-01T00:21:03.530+02:00 DEBUG 8036 --- [expensetracker-test] [    Test worker] org.springframework.test.context.cache   : Spring test ApplicationContext cache statistics: [DefaultContextCache@2e2b1310 size = 2, maxSize = 32, parentContextCount = 0, hitCount = 421, missCount = 2, failureCount = 0]
2025-06-01T00:21:03.530+02:00 DEBUG 8036 --- [expensetracker-test] [    Test worker] .c.s.DirtiesContextTestExecutionListener : After test class: class [ExpenseRestControllerIntegrationTest], class annotated with @DirtiesContext [false] with mode [null]
]]></system-out>
  <system-err><![CDATA[]]></system-err>
</testsuite>
